[2019-08-23 11:15:23,960 INFO root] Taurus CLI Tool v1.13.8
[2019-08-23 11:15:23,961 DEBUG root] Command-line options: {'verbose': None, 'no_system_configs': None, 'quiet': None, 'log': '/var/folders/_g/j6jw1prj0413v459hxzm19vr0000gp/T/bzt_OXiJOh.log', 'option': None, 'aliases': []}
[2019-08-23 11:15:23,961 DEBUG root] Python: CPython 2.7.16
[2019-08-23 11:15:23,961 DEBUG root] OS: ('Darwin', 'tbuchanans-mbp.overstock.com', '18.7.0', 'Darwin Kernel Version 18.7.0: Thu Jun 20 18:42:21 PDT 2019; root:xnu-4903.270.47~4/RELEASE_X86_64', 'x86_64', 'i386')
[2019-08-23 11:15:23,961 INFO root] Starting with configs: ['src/test/java/performance/BlazeDemoPerformanceTest.yml']
[2019-08-23 11:15:23,961 DEBUG root] Using personal config: /Users/tbuchanan/.bzt-rc
[2019-08-23 11:15:23,961 INFO Engine] Configuring...
[2019-08-23 11:15:24,020 DEBUG Engine] Base configs list: [u'/usr/local/lib/python2.7/site-packages/bzt/resources/10-base-config.yml']
[2019-08-23 11:15:24,020 DEBUG Engine.Configuration] Configs: [u'/usr/local/lib/python2.7/site-packages/bzt/resources/10-base-config.yml']
[2019-08-23 11:15:24,021 DEBUG Engine.Configuration] Reading /usr/local/lib/python2.7/site-packages/bzt/resources/10-base-config.yml as YAML
[2019-08-23 11:15:24,047 DEBUG Engine] User configs list: ['/Users/tbuchanan/.bzt-rc', 'src/test/java/performance/BlazeDemoPerformanceTest.yml']
[2019-08-23 11:15:24,047 DEBUG Engine.Configuration] Configs: ['/Users/tbuchanan/.bzt-rc', 'src/test/java/performance/BlazeDemoPerformanceTest.yml']
[2019-08-23 11:15:24,048 DEBUG Engine.Configuration] Reading /Users/tbuchanan/.bzt-rc as YAML
[2019-08-23 11:15:24,052 DEBUG Engine.Configuration] Reading src/test/java/performance/BlazeDemoPerformanceTest.yml as YAML
[2019-08-23 11:15:24,054 DEBUG Engine.Configuration] Configs: ['/Users/tbuchanan/.bzt-rc', 'src/test/java/performance/BlazeDemoPerformanceTest.yml']
[2019-08-23 11:15:24,054 DEBUG Engine.Configuration] Reading /Users/tbuchanan/.bzt-rc as YAML
[2019-08-23 11:15:24,058 DEBUG Engine.Configuration] Reading src/test/java/performance/BlazeDemoPerformanceTest.yml as YAML
[2019-08-23 11:15:24,068 DEBUG Engine] Requesting updates info: https://gettaurus.org/updates/?version=1.13.8&installID=macos-8c8590caf493
[2019-08-23 11:15:24,068 DEBUG HTTPClient] Making HTTP request GET https://gettaurus.org/updates/?version=1.13.8&installID=macos-8c8590caf493
[2019-08-23 11:15:24,069 INFO Engine] Artifacts dir: /Users/tbuchanan/IdeaProjects/tealidragon/e2e-automation-pipeline/2019-08-23_11-15-24.068932
[2019-08-23 11:15:24,075 DEBUG Engine] New artifact filename: /Users/tbuchanan/IdeaProjects/tealidragon/e2e-automation-pipeline/2019-08-23_11-15-24.068932/effective
[2019-08-23 11:15:24,076 DEBUG Engine.Configuration] Dumping YAML config into /Users/tbuchanan/IdeaProjects/tealidragon/e2e-automation-pipeline/2019-08-23_11-15-24.068932/effective.yml
[2019-08-23 11:15:24,099 DEBUG urllib3.connectionpool] Starting new HTTPS connection (1): gettaurus.org:443
[2019-08-23 11:15:24,099 DEBUG Engine.Configuration] Dumping JSON config into /Users/tbuchanan/IdeaProjects/tealidragon/e2e-automation-pipeline/2019-08-23_11-15-24.068932/effective.json
[2019-08-23 11:15:24,100 DEBUG Engine] New artifact filename: /Users/tbuchanan/IdeaProjects/tealidragon/e2e-automation-pipeline/2019-08-23_11-15-24.068932/merged.yml
[2019-08-23 11:15:24,101 DEBUG Engine.Configuration] Dumping YAML config into /Users/tbuchanan/IdeaProjects/tealidragon/e2e-automation-pipeline/2019-08-23_11-15-24.068932/merged.yml
[2019-08-23 11:15:24,102 DEBUG Engine] New artifact filename: /Users/tbuchanan/IdeaProjects/tealidragon/e2e-automation-pipeline/2019-08-23_11-15-24.068932/merged.json
[2019-08-23 11:15:24,102 DEBUG Engine.Configuration] Dumping JSON config into /Users/tbuchanan/IdeaProjects/tealidragon/e2e-automation-pipeline/2019-08-23_11-15-24.068932/merged.json
[2019-08-23 11:15:24,103 DEBUG Engine] Add existing artifact (move=False): src/test/java/performance/BlazeDemoPerformanceTest.yml
[2019-08-23 11:15:24,103 DEBUG Engine] Copying src/test/java/performance/BlazeDemoPerformanceTest.yml to /Users/tbuchanan/IdeaProjects/tealidragon/e2e-automation-pipeline/2019-08-23_11-15-24.068932/BlazeDemoPerformanceTest.yml
[2019-08-23 11:15:24,104 DEBUG root] Closing log handler: /var/folders/_g/j6jw1prj0413v459hxzm19vr0000gp/T/bzt_OXiJOh.log
[2019-08-23 11:15:24,104 DEBUG root] Switched writing logs to /Users/tbuchanan/IdeaProjects/tealidragon/e2e-automation-pipeline/2019-08-23_11-15-24.068932/bzt.log
[2019-08-23 11:15:24,105 DEBUG root] Linting config
[2019-08-23 11:15:24,108 INFO Engine] Preparing...
[2019-08-23 11:15:24,109 DEBUG Engine] Module config: consolidator {'class': u'bzt.modules.aggregator.ConsolidatingAggregator'}
[2019-08-23 11:15:24,109 DEBUG root] Importing module: bzt.modules.aggregator
[2019-08-23 11:15:24,320 DEBUG root] Loading class: 'ConsolidatingAggregator' from <module 'bzt.modules.aggregator' from '/usr/local/lib/python2.7/site-packages/bzt/modules/aggregator.pyc'>
[2019-08-23 11:15:24,320 DEBUG Engine.consolidator] Buffer scaling setup: percentile 95.0 from [0.0, 50.0, 90.0, 95.0, 99.0, 99.9, 100.0] selected
[2019-08-23 11:15:24,320 DEBUG Engine] Module config: monitoring {'class': u'bzt.modules.monitoring.Monitoring'}
[2019-08-23 11:15:24,321 DEBUG root] Importing module: bzt.modules.monitoring
[2019-08-23 11:15:24,325 DEBUG root] Loading class: 'Monitoring' from <module 'bzt.modules.monitoring' from '/usr/local/lib/python2.7/site-packages/bzt/modules/monitoring.pyc'>
[2019-08-23 11:15:24,325 DEBUG Engine] Module config: local {'class': u'bzt.modules.provisioning.Local'}
[2019-08-23 11:15:24,325 DEBUG root] Importing module: bzt.modules.provisioning
[2019-08-23 11:15:24,325 DEBUG root] Loading class: 'Local' from <module 'bzt.modules.provisioning' from '/usr/local/lib/python2.7/site-packages/bzt/modules/provisioning.pyc'>
[2019-08-23 11:15:24,325 DEBUG Engine] Module config: jmeter {'properties': {'jmeter.save.saveservice.autoflush': u'true', 'jmeter.save.saveservice.connect_time': u'true', 'summariser.name': u'', 'jmeterengine.force.system.exit': u'true'}, 'plugins': [u'jpgc-casutg', u'jpgc-dummy', u'jpgc-ffw', u'jpgc-fifo', u'jpgc-functions', u'jpgc-json', u'jpgc-perfmon', u'jpgc-prmctl', u'jpgc-tst'], 'class': u'bzt.modules.jmeter.JMeterExecutor', 'protocol-handlers': {'http': u'bzt.jmx.http.HTTPProtocolHandler'}}
[2019-08-23 11:15:24,326 DEBUG root] Importing module: bzt.modules.jmeter
[2019-08-23 11:15:24,342 DEBUG root] Loading class: 'JMeterExecutor' from <module 'bzt.modules.jmeter' from '/usr/local/lib/python2.7/site-packages/bzt/modules/jmeter.pyc'>
[2019-08-23 11:15:24,342 DEBUG Engine.local] Preparing executor: jmeter/4435150416
[2019-08-23 11:15:24,342 DEBUG Engine] New artifact filename: /Users/tbuchanan/IdeaProjects/tealidragon/e2e-automation-pipeline/2019-08-23_11-15-24.068932/jmeter.log
[2019-08-23 11:15:24,343 DEBUG Engine.jmeter] Checking if port 4445 is free
[2019-08-23 11:15:24,343 DEBUG Engine.jmeter] Port 4445 is free
[2019-08-23 11:15:24,343 DEBUG Engine.jmeter] Using port 4445 for management
[2019-08-23 11:15:24,343 DEBUG Engine] New artifact filename: /Users/tbuchanan/IdeaProjects/tealidragon/e2e-automation-pipeline/2019-08-23_11-15-24.068932/requests.jmx
[2019-08-23 11:15:24,349 DEBUG root] Importing module: bzt.jmx.http
[2019-08-23 11:15:24,350 DEBUG root] Loading class: 'HTTPProtocolHandler' from <module 'bzt.jmx.http' from '/usr/local/lib/python2.7/site-packages/bzt/jmx/http.pyc'>
[2019-08-23 11:15:24,351 DEBUG JMeterScenarioBuilder] Saving JMX to: /Users/tbuchanan/IdeaProjects/tealidragon/e2e-automation-pipeline/2019-08-23_11-15-24.068932/requests.jmx
[2019-08-23 11:15:24,355 DEBUG Engine.jmeter] Additional system properties {'sun.net.inetaddr.ttl': 0}
[2019-08-23 11:15:24,355 DEBUG Engine] New artifact filename: /Users/tbuchanan/IdeaProjects/tealidragon/e2e-automation-pipeline/2019-08-23_11-15-24.068932/system.properties
[2019-08-23 11:15:24,356 DEBUG Engine.jmeter] Additional properties: {'jmeter.save.saveservice.autoflush': u'true', 'jmeter.save.saveservice.connect_time': u'true', 'user.classpath': '/Users/tbuchanan/IdeaProjects/tealidragon/e2e-automation-pipeline/2019-08-23_11-15-24.068932:/Users/tbuchanan/IdeaProjects/tealidragon/e2e-automation-pipeline/2019-08-23_11-15-24.068932', 'sampleresult.default.encoding': 'UTF-8', 'summariser.name': u'', 'jmeterengine.force.system.exit': u'true', 'jmeter.save.saveservice.timestamp_format': 'ms', 'jmeterengine.nongui.maxport': 4445, 'jmeterengine.nongui.port': 4445}
[2019-08-23 11:15:24,356 DEBUG Engine] New artifact filename: /Users/tbuchanan/IdeaProjects/tealidragon/e2e-automation-pipeline/2019-08-23_11-15-24.068932/jmeter-bzt.properties
[2019-08-23 11:15:24,356 DEBUG Engine.jmeter.JavaVM] Trying JavaVM: ['java', '-version']
[2019-08-23 11:15:24,357 DEBUG root] Executing shell: ['java', '-version'] at .
[2019-08-23 11:15:24,468 DEBUG Engine.jmeter.JavaVM] JavaVM output: 
[2019-08-23 11:15:24,468 DEBUG Engine.jmeter.TclLibrary] We don't need to check tcl library on this platform
[2019-08-23 11:15:24,468 DEBUG Engine.jmeter.JMeter] Trying JMeter..
[2019-08-23 11:15:24,469 DEBUG root] Executing shell: ['/Users/tbuchanan/.bzt/jmeter-taurus/5.1.1/bin/jmeter.sh', '-j', '/var/folders/_g/j6jw1prj0413v459hxzm19vr0000gp/T/jmeterBQrac7log', '--version'] at .
[2019-08-23 11:15:25,058 DEBUG urllib3.connectionpool] https://gettaurus.org:443 "GET /updates/?version=1.13.8&installID=macos-8c8590caf493 HTTP/1.1" 200 40
[2019-08-23 11:15:25,060 DEBUG Engine] Taurus updates info: {u'needsUpgrade': False, u'latest': u'1.13.8'}
[2019-08-23 11:15:25,060 DEBUG Engine] Installation is up-to-date
[2019-08-23 11:15:25,828 DEBUG Engine.jmeter.JMeter] JMeter check:     _    ____   _    ____ _   _ _____       _ __  __ _____ _____ _____ ____     
   / \  |  _ \ / \  / ___| | | | ____|     | |  \/  | ____|_   _| ____|  _ \   
  / _ \ | |_) / _ \| |   | |_| |  _|    _  | | |\/| |  _|   | | |  _| | |_) | 
 / ___ \|  __/ ___ \ |___|  _  | |___  | |_| | |  | | |___  | | | |___|  _ <  
/_/   \_\_| /_/   \_\____|_| |_|_____|  \___/|_|  |_|_____| |_| |_____|_| \_\ 5.1.1 r1855137  

Copyright (c) 1999-2019 The Apache Software Foundation

 / 
[2019-08-23 11:15:25,834 DEBUG Engine] New artifact filename: /Users/tbuchanan/IdeaProjects/tealidragon/e2e-automation-pipeline/2019-08-23_11-15-24.068932/kpi.jtl
[2019-08-23 11:15:25,835 DEBUG Engine] New artifact filename: /Users/tbuchanan/IdeaProjects/tealidragon/e2e-automation-pipeline/2019-08-23_11-15-24.068932/error.jtl
[2019-08-23 11:15:25,836 DEBUG Engine.jmeter.LoadSettingsProcessor] Load: LoadSpec(concurrency=10, throughput=None, ramp_up=60.0, hold=90.0, iterations=0, duration=150.0, steps=None)
[2019-08-23 11:15:25,841 DEBUG Engine.jmeter.LoadSettingsProcessor.ThreadGroupHandler] Converting ThreadGroup (basic-performance-test) to ConcurrencyThreadGroup and apply load parameters
[2019-08-23 11:15:25,841 DEBUG Engine] New artifact filename: /Users/tbuchanan/IdeaProjects/tealidragon/e2e-automation-pipeline/2019-08-23_11-15-24.068932/modified_requests.jmx
[2019-08-23 11:15:25,841 DEBUG JMX] Saving JMX to: /Users/tbuchanan/IdeaProjects/tealidragon/e2e-automation-pipeline/2019-08-23_11-15-24.068932/modified_requests.jmx
[2019-08-23 11:15:25,842 DEBUG root] Executing shell: ['/Users/tbuchanan/.bzt/jmeter-taurus/5.1.1/bin/PluginsManagerCMD.sh', 'install-for-jmx', '/Users/tbuchanan/IdeaProjects/tealidragon/e2e-automation-pipeline/2019-08-23_11-15-24.068932/modified_requests.jmx'] at .
[2019-08-23 11:15:29,151 DEBUG Engine.jmeter.JMeter] Try to detect plugins for /Users/tbuchanan/IdeaProjects/tealidragon/e2e-automation-pipeline/2019-08-23_11-15-24.068932/modified_requests.jmx
2019-08-23 11:15:26,521 INFO o.j.r.PluginManagerCMD: Command is: install-for-jmx
2019-08-23 11:15:26,596 INFO o.j.r.JARSourceHTTP: Requesting https://jmeter-plugins.org/repo/?installID=mac_os_x-1075b510812196202d409684219e0b22-nongui
2019-08-23 11:15:28,240 INFO o.j.r.PluginManager: Plugins Status: [jpgc-functions=2.1, jpgc-casutg=2.9, jpgc-dummy=0.4, jpgc-ffw=2.0, jpgc-fifo=0.2, jpgc-json=2.7, jpgc-prmctl=0.4, jpgc-perfmon=2.1, jpgc-plugins-manager=1.3, jpgc-tst=2.5, jmeter-core=5.1.1, jmeter-ftp=5.1.1, jmeter-http=5.1.1, jmeter-jdbc=5.1.1, jmeter-jms=5.1.1, jmeter-junit=5.1.1, jmeter-java=5.1.1, jmeter-ldap=5.1.1, jmeter-mail=5.1.1, jmeter-mongodb=5.1.1, jmeter-native=5.1.1, jmeter-tcp=5.1.1, jmeter-components=5.1.1]
2019-08-23 11:15:28,243 INFO o.j.r.PluginManagerCMD: Params line is: /Users/tbuchanan/IdeaProjects/tealidragon/e2e-automation-pipeline/2019-08-23_11-15-24.068932/modified_requests.jmx
2019-08-23 11:15:28,536 INFO o.a.j.s.SaveService: Testplan (JMX) version: 2.2. Testlog (JTL) version: 2.2
2019-08-23 11:15:28,549 INFO o.a.j.s.SaveService: Using SaveService properties file encoding UTF-8
2019-08-23 11:15:28,555 INFO o.a.j.s.SaveService: Using SaveService properties version 5.0
2019-08-23 11:15:28,611 INFO o.a.j.p.h.c.CacheManager: Will only cache the following methods: [GET]
2019-08-23 11:15:28,618 INFO o.a.j.p.h.c.CookieManager: Settings: Delete null: true Check: true Allow variable: true Save: false Prefix: COOKIE_
2019-08-23 11:15:28,685 INFO o.a.j.p.h.s.HTTPSamplerBase: Parser for text/html is org.apache.jmeter.protocol.http.parser.LagartoBasedHtmlParser
2019-08-23 11:15:28,685 INFO o.a.j.p.h.s.HTTPSamplerBase: Parser for application/xhtml+xml is org.apache.jmeter.protocol.http.parser.LagartoBasedHtmlParser
2019-08-23 11:15:28,685 INFO o.a.j.p.h.s.HTTPSamplerBase: Parser for application/xml is org.apache.jmeter.protocol.http.parser.LagartoBasedHtmlParser
2019-08-23 11:15:28,685 INFO o.a.j.p.h.s.HTTPSamplerBase: Parser for text/xml is org.apache.jmeter.protocol.http.parser.LagartoBasedHtmlParser
2019-08-23 11:15:28,685 INFO o.a.j.p.h.s.HTTPSamplerBase: Parser for text/vnd.wap.wml is org.apache.jmeter.protocol.http.parser.RegexpHTMLParser
2019-08-23 11:15:28,685 INFO o.a.j.p.h.s.HTTPSamplerBase: Parser for text/css is org.apache.jmeter.protocol.http.parser.CssParser
2019-08-23 11:15:28,760 INFO o.j.r.PluginManager: Finishing without changes


[2019-08-23 11:15:29,151 DEBUG Engine] New artifact filename: /Users/tbuchanan/IdeaProjects/tealidragon/e2e-automation-pipeline/2019-08-23_11-15-24.068932/jmeter.out
[2019-08-23 11:15:29,151 DEBUG Engine] New artifact filename: /Users/tbuchanan/IdeaProjects/tealidragon/e2e-automation-pipeline/2019-08-23_11-15-24.068932/jmeter.err
[2019-08-23 11:15:29,158 DEBUG Engine] Module config: final-stats {'class': u'bzt.modules.reporting.FinalStatus'}
[2019-08-23 11:15:29,159 DEBUG root] Importing module: bzt.modules.reporting
[2019-08-23 11:15:29,181 DEBUG easyprocess] version=0.2.7
[2019-08-23 11:15:29,185 DEBUG pyvirtualdisplay] version=0.2.4
[2019-08-23 11:15:29,188 DEBUG root] Loading class: 'FinalStatus' from <module 'bzt.modules.reporting' from '/usr/local/lib/python2.7/site-packages/bzt/modules/reporting.pyc'>
[2019-08-23 11:15:29,188 DEBUG Engine] Module config: console {'class': u'bzt.modules.console.ConsoleStatusReporter'}
[2019-08-23 11:15:29,188 DEBUG root] Importing module: bzt.modules.console
[2019-08-23 11:15:29,188 DEBUG root] Loading class: 'ConsoleStatusReporter' from <module 'bzt.modules.console' from '/usr/local/lib/python2.7/site-packages/bzt/modules/console.pyc'>
[2019-08-23 11:15:29,195 DEBUG Engine.Configuration] Dumping YAML config into /Users/tbuchanan/IdeaProjects/tealidragon/e2e-automation-pipeline/2019-08-23_11-15-24.068932/effective.yml
[2019-08-23 11:15:29,214 DEBUG Engine.Configuration] Dumping JSON config into /Users/tbuchanan/IdeaProjects/tealidragon/e2e-automation-pipeline/2019-08-23_11-15-24.068932/effective.json
[2019-08-23 11:15:29,215 INFO Engine] Starting...
[2019-08-23 11:15:29,215 DEBUG Engine] Startup <bzt.modules.monitoring.Monitoring object at 0x108573c90>
[2019-08-23 11:15:29,215 DEBUG Engine] Startup <bzt.modules.aggregator.ConsolidatingAggregator object at 0x106745cd0>
[2019-08-23 11:15:29,215 DEBUG Engine] Startup <bzt.modules.reporting.FinalStatus object at 0x1066fca90>
[2019-08-23 11:15:29,216 DEBUG Engine] Startup <bzt.modules.console.ConsoleStatusReporter object at 0x108651590>
[2019-08-23 11:15:29,216 INFO Engine.console] Waiting for results...
[2019-08-23 11:15:29,216 DEBUG Engine] Startup <bzt.modules.provisioning.Local object at 0x1066fc6d0>
[2019-08-23 11:15:29,216 DEBUG Engine.local] Delay setup for jmeter/basic-performance-test: 0(start-at) + 0(delay) = 0
[2019-08-23 11:15:29,217 DEBUG Engine.Configuration] Dumping YAML config into /Users/tbuchanan/IdeaProjects/tealidragon/e2e-automation-pipeline/2019-08-23_11-15-24.068932/effective.yml
[2019-08-23 11:15:29,236 DEBUG Engine.Configuration] Dumping JSON config into /Users/tbuchanan/IdeaProjects/tealidragon/e2e-automation-pipeline/2019-08-23_11-15-24.068932/effective.json
[2019-08-23 11:15:29,237 DEBUG root] Leveling down log file verbosity to INFO, use -v option to have DEBUG messages enabled
[2019-08-23 11:15:29,237 DEBUG root] Leveled up log file verbosity
[2019-08-23 11:15:29,237 DEBUG root] Executing shell: ['/Users/tbuchanan/.bzt/jmeter-taurus/5.1.1/bin/jmeter.sh', '-t', '/Users/tbuchanan/IdeaProjects/tealidragon/e2e-automation-pipeline/2019-08-23_11-15-24.068932/modified_requests.jmx', '-j', '/Users/tbuchanan/IdeaProjects/tealidragon/e2e-automation-pipeline/2019-08-23_11-15-24.068932/jmeter.log', '-q', '/Users/tbuchanan/IdeaProjects/tealidragon/e2e-automation-pipeline/2019-08-23_11-15-24.068932/jmeter-bzt.properties', '-n', '-S', '/Users/tbuchanan/IdeaProjects/tealidragon/e2e-automation-pipeline/2019-08-23_11-15-24.068932/system.properties'] at /Users/tbuchanan/IdeaProjects/tealidragon/e2e-automation-pipeline
[2019-08-23 11:15:29,250 DEBUG Engine.local] Starting execution: jmeter/basic-performance-test, rest of available slots: 9223372036854775806
[2019-08-23 11:15:29,250 DEBUG root] Leveling down log file verbosity to INFO, use -v option to have DEBUG messages enabled
[2019-08-23 11:15:29,469 INFO Engine.console] Waiting for finish...
[2019-08-23 11:15:40,294 INFO Engine.jmeter.JTLReader] Changed data analysis delay to 4s
[2019-08-23 11:15:57,328 INFO Engine.jmeter.JTLReader] Changed data analysis delay to 2s
[2019-08-23 11:20:08,906 WARNING Engine] Please wait for graceful shutdown...
[2019-08-23 11:20:08,909 DEBUG root] Leveled up log file verbosity
[2019-08-23 11:20:08,909 INFO Engine] Shutting down...
[2019-08-23 11:20:08,911 DEBUG Engine] Current stop reason: None
[2019-08-23 11:20:08,912 DEBUG Engine.local] Shutdown jmeter/basic-performance-test
[2019-08-23 11:20:08,912 DEBUG Engine.console] Restoring logging streams, [<logging.StreamHandler object at 0x1066f2c90>]/{<logging.StreamHandler object at 0x1066f2c90>: <open file '<stdout>', mode 'w' at 0x104fd5150>}
[2019-08-23 11:20:08,914 DEBUG Engine.Configuration] Dumping YAML config into /Users/tbuchanan/IdeaProjects/tealidragon/e2e-automation-pipeline/2019-08-23_11-15-24.068932/effective.yml
[2019-08-23 11:20:08,935 DEBUG Engine.Configuration] Dumping JSON config into /Users/tbuchanan/IdeaProjects/tealidragon/e2e-automation-pipeline/2019-08-23_11-15-24.068932/effective.json
[2019-08-23 11:20:08,936 INFO Engine] Post-processing...
[2019-08-23 11:20:08,936 DEBUG Engine.local] Post-process jmeter/basic-performance-test
[2019-08-23 11:20:08,937 DEBUG Engine] Add existing artifact (move=True): /Users/tbuchanan/IdeaProjects/tealidragon/e2e-automation-pipeline/2019-08-23_11-15-24.068932/modified_requests.jmx
[2019-08-23 11:20:08,937 DEBUG Engine] No need to copy /Users/tbuchanan/IdeaProjects/tealidragon/e2e-automation-pipeline/2019-08-23_11-15-24.068932/modified_requests.jmx
[2019-08-23 11:20:08,937 DEBUG Engine.jmeter.JTLReader] Buffer len: 2; Known errors count: 1
[2019-08-23 11:20:08,937 DEBUG Engine.jmeter.JTLReader] Aggregating: 1566580681, 2 in buffer
[2019-08-23 11:20:08,938 DEBUG aggregator] Growing HDR from 24000.0 to 60000.0
[2019-08-23 11:20:08,941 DEBUG aggregator] Growing HDR from 60000.0 to 151000.0
[2019-08-23 11:20:08,944 DEBUG aggregator] Growing HDR from 24000.0 to 151000.0
[2019-08-23 11:20:08,948 DEBUG Engine.jmeter.JTLErrorsReader] Got error info for 1566580681, labels: ['', 'http://blazedemo.com/']
[2019-08-23 11:20:08,948 DEBUG aggregator] Growing HDR from 24000.0 to 151000.0
[2019-08-23 11:20:08,952 DEBUG aggregator] Growing HDR from 24000.0 to 151000.0
[2019-08-23 11:20:08,955 DEBUG Engine.jmeter.JTLReader] Buffer len: 1; Known errors count: 1
[2019-08-23 11:20:09,011 DEBUG Engine.jmeter.JTLReader] Aggregating: 1566580682, 1 in buffer
[2019-08-23 11:20:09,012 DEBUG Engine.jmeter.JTLReader] Buffer len: 0; Known errors count: 1
[2019-08-23 11:20:09,012 DEBUG Engine.consolidator] Consolidator buffer[4]: [1566580679, 1566580680, 1566580681, 1566580682]
[2019-08-23 11:20:09,012 DEBUG Engine.consolidator] Merging into 1566580679
[2019-08-23 11:20:09,012 DEBUG Engine.consolidator] Bypassing consolidation because of single result
[2019-08-23 11:20:09,084 DEBUG Engine.consolidator] Processed datapoint: 1566580679/ConsolidatingAggregator@4403256528
[2019-08-23 11:20:09,084 DEBUG Engine.consolidator] Merging into 1566580680
[2019-08-23 11:20:09,084 DEBUG Engine.consolidator] Bypassing consolidation because of single result
[2019-08-23 11:20:09,128 DEBUG Engine.consolidator] Processed datapoint: 1566580680/ConsolidatingAggregator@4403256528
[2019-08-23 11:20:09,128 DEBUG Engine.consolidator] Merging into 1566580681
[2019-08-23 11:20:09,128 DEBUG Engine.consolidator] Bypassing consolidation because of single result
[2019-08-23 11:20:09,128 DEBUG aggregator] Growing HDR from 24000.0 to 151000.0
[2019-08-23 11:20:09,131 DEBUG aggregator] Growing HDR from 24000.0 to 151000.0
[2019-08-23 11:20:09,240 DEBUG Engine.consolidator] Processed datapoint: 1566580681/ConsolidatingAggregator@4403256528
[2019-08-23 11:20:09,240 DEBUG Engine.consolidator] Merging into 1566580682
[2019-08-23 11:20:09,240 DEBUG Engine.consolidator] Bypassing consolidation because of single result
[2019-08-23 11:20:09,299 DEBUG Engine.consolidator] Processed datapoint: 1566580682/ConsolidatingAggregator@4403256528
[2019-08-23 11:20:09,299 INFO Engine.final-stats] Test duration: 0:04:39
[2019-08-23 11:20:09,299 INFO Engine.final-stats] Samples count: 534, 0.19% failures
[2019-08-23 11:20:09,299 INFO Engine.final-stats] Average times: total 1.799, latency 0.592, connect 0.007
[2019-08-23 11:20:09,306 INFO Engine.final-stats] Percentiles:
(0lqqqqqqqqqqqqqqqwqqqqqqqqqqqqqqqk(B
(0x(B Percentile, % (0x(B Resp. Time, s (0x(B
(0tqqqqqqqqqqqqqqqnqqqqqqqqqqqqqqqu(B
(0x(B           0.0 (0x(B         0.763 (0x(B
(0x(B          50.0 (0x(B         1.051 (0x(B
(0x(B          90.0 (0x(B         1.061 (0x(B
(0x(B          95.0 (0x(B         1.065 (0x(B
(0x(B          99.0 (0x(B        23.408 (0x(B
(0x(B          99.9 (0x(B       150.528 (0x(B
(0x(B         100.0 (0x(B       150.528 (0x(B
(0mqqqqqqqqqqqqqqqvqqqqqqqqqqqqqqqj(B
[2019-08-23 11:20:09,308 INFO Engine.final-stats] Request label stats:
(0lqqqqqqqqqqqqqqqqqqqqqqqwqqqqqqqqwqqqqqqqqwqqqqqqqqwqqqqqqqqqqqqqqqqqqqqqk(B
(0x(B label                 (0x(B status (0x(B   succ (0x(B avg_rt (0x(B error               (0x(B
(0tqqqqqqqqqqqqqqqqqqqqqqqnqqqqqqqqnqqqqqqqqnqqqqqqqqnqqqqqqqqqqqqqqqqqqqqqu(B
(0x(B http://blazedemo.com/ (0x(B  FAIL  (0x(B 99.00% (0x(B  1.799 (0x(B Service Unavailable (0x(B
(0mqqqqqqqqqqqqqqqqqqqqqqqvqqqqqqqqvqqqqqqqqvqqqqqqqqvqqqqqqqqqqqqqqqqqqqqqj(B
[2019-08-23 11:20:09,309 DEBUG Engine.console] No logger_handler or orig_stream was detected
[2019-08-23 11:20:09,311 DEBUG Engine.Configuration] Dumping YAML config into /Users/tbuchanan/IdeaProjects/tealidragon/e2e-automation-pipeline/2019-08-23_11-15-24.068932/effective.yml
[2019-08-23 11:20:09,333 DEBUG Engine.Configuration] Dumping JSON config into /Users/tbuchanan/IdeaProjects/tealidragon/e2e-automation-pipeline/2019-08-23_11-15-24.068932/effective.json
[2019-08-23 11:20:09,334 INFO root] Artifacts dir: /Users/tbuchanan/IdeaProjects/tealidragon/e2e-automation-pipeline/2019-08-23_11-15-24.068932
[2019-08-23 11:20:09,334 INFO root] Done performing with code: 0
[2019-08-23 11:20:09,335 DEBUG root] Closing log handler: /Users/tbuchanan/IdeaProjects/tealidragon/e2e-automation-pipeline/2019-08-23_11-15-24.068932/bzt.log
