2019-08-23 11:15:30,149 INFO o.a.j.u.JMeterUtils: Setting Locale to en_US
2019-08-23 11:15:30,182 INFO o.a.j.JMeter: Loading user properties from: /Users/tbuchanan/.bzt/jmeter-taurus/5.1.1/bin/user.properties
2019-08-23 11:15:30,183 INFO o.a.j.JMeter: Loading system properties from: /Users/tbuchanan/.bzt/jmeter-taurus/5.1.1/bin/system.properties
2019-08-23 11:15:30,183 INFO o.a.j.JMeter: Loading additional properties from: /Users/tbuchanan/IdeaProjects/tealidragon/e2e-automation-pipeline/2019-08-23_11-15-24.068932/jmeter-bzt.properties
2019-08-23 11:15:30,184 INFO o.a.j.JMeter: Setting System properties from file: /Users/tbuchanan/IdeaProjects/tealidragon/e2e-automation-pipeline/2019-08-23_11-15-24.068932/system.properties
2019-08-23 11:15:30,191 INFO o.a.j.JMeter: Copyright (c) 1998-2019 The Apache Software Foundation
2019-08-23 11:15:30,191 INFO o.a.j.JMeter: Version 5.1.1 r1855137
2019-08-23 11:15:30,191 INFO o.a.j.JMeter: java.version=1.8.0_221
2019-08-23 11:15:30,192 INFO o.a.j.JMeter: java.vm.name=Java HotSpot(TM) 64-Bit Server VM
2019-08-23 11:15:30,192 INFO o.a.j.JMeter: os.name=Mac OS X
2019-08-23 11:15:30,192 INFO o.a.j.JMeter: os.arch=x86_64
2019-08-23 11:15:30,192 INFO o.a.j.JMeter: os.version=10.14.6
2019-08-23 11:15:30,192 INFO o.a.j.JMeter: file.encoding=UTF-8
2019-08-23 11:15:30,192 INFO o.a.j.JMeter: java.awt.headless=true
2019-08-23 11:15:30,192 INFO o.a.j.JMeter: Max memory     =3817865216
2019-08-23 11:15:30,192 INFO o.a.j.JMeter: Available Processors =8
2019-08-23 11:15:30,198 INFO o.a.j.JMeter: Default Locale=English (United States)
2019-08-23 11:15:30,198 INFO o.a.j.JMeter: JMeter  Locale=English (United States)
2019-08-23 11:15:30,199 INFO o.a.j.JMeter: JMeterHome=/Users/tbuchanan/.bzt/jmeter-taurus/5.1.1
2019-08-23 11:15:30,199 INFO o.a.j.JMeter: user.dir  =/Users/tbuchanan/IdeaProjects/tealidragon/e2e-automation-pipeline
2019-08-23 11:15:30,199 INFO o.a.j.JMeter: PWD       =/Users/tbuchanan/IdeaProjects/tealidragon/e2e-automation-pipeline
2019-08-23 11:15:30,202 INFO o.a.j.JMeter: IP: 10.15.45.119 Name: tbuchanans-mbp.overstock.com FullName: tbuchanans-mbp.overstock.com
2019-08-23 11:15:30,203 INFO o.a.j.JMeter: user.classpath=/Users/tbuchanan/IdeaProjects/tealidragon/e2e-automation-pipeline/2019-08-23_11-15-24.068932:/Users/tbuchanan/IdeaProjects/tealidragon/e2e-automation-pipeline/2019-08-23_11-15-24.068932
2019-08-23 11:15:30,203 INFO o.a.j.JMeter: Adding to classpath and loader: /Users/tbuchanan/IdeaProjects/tealidragon/e2e-automation-pipeline/2019-08-23_11-15-24.068932
2019-08-23 11:15:30,205 INFO o.a.j.JMeter: Adding to classpath and loader: /Users/tbuchanan/IdeaProjects/tealidragon/e2e-automation-pipeline/2019-08-23_11-15-24.068932
2019-08-23 11:15:30,213 INFO o.a.j.s.FileServer: Default base='/Users/tbuchanan/IdeaProjects/tealidragon/e2e-automation-pipeline'
2019-08-23 11:15:30,225 INFO o.a.j.s.FileServer: Set new base='/Users/tbuchanan/IdeaProjects/tealidragon/e2e-automation-pipeline/2019-08-23_11-15-24.068932'
2019-08-23 11:15:30,445 INFO o.a.j.s.SaveService: Testplan (JMX) version: 2.2. Testlog (JTL) version: 2.2
2019-08-23 11:15:30,462 INFO o.a.j.s.SaveService: Using SaveService properties file encoding UTF-8
2019-08-23 11:15:30,466 INFO o.a.j.s.SaveService: Using SaveService properties version 5.0
2019-08-23 11:15:30,472 INFO o.a.j.s.SaveService: Loading file: /Users/tbuchanan/IdeaProjects/tealidragon/e2e-automation-pipeline/2019-08-23_11-15-24.068932/modified_requests.jmx
2019-08-23 11:15:30,547 INFO o.a.j.p.h.c.CacheManager: Will only cache the following methods: [GET]
2019-08-23 11:15:30,550 INFO o.a.j.p.h.c.CookieManager: Settings: Delete null: true Check: true Allow variable: true Save: false Prefix: COOKIE_
2019-08-23 11:15:30,569 INFO o.a.j.p.h.s.HTTPSamplerBase: Parser for text/html is org.apache.jmeter.protocol.http.parser.LagartoBasedHtmlParser
2019-08-23 11:15:30,570 INFO o.a.j.p.h.s.HTTPSamplerBase: Parser for application/xhtml+xml is org.apache.jmeter.protocol.http.parser.LagartoBasedHtmlParser
2019-08-23 11:15:30,570 INFO o.a.j.p.h.s.HTTPSamplerBase: Parser for application/xml is org.apache.jmeter.protocol.http.parser.LagartoBasedHtmlParser
2019-08-23 11:15:30,570 INFO o.a.j.p.h.s.HTTPSamplerBase: Parser for text/xml is org.apache.jmeter.protocol.http.parser.LagartoBasedHtmlParser
2019-08-23 11:15:30,570 INFO o.a.j.p.h.s.HTTPSamplerBase: Parser for text/vnd.wap.wml is org.apache.jmeter.protocol.http.parser.RegexpHTMLParser
2019-08-23 11:15:30,570 INFO o.a.j.p.h.s.HTTPSamplerBase: Parser for text/css is org.apache.jmeter.protocol.http.parser.CssParser
2019-08-23 11:15:30,613 INFO o.a.j.e.StandardJMeterEngine: Running the test!
2019-08-23 11:15:30,615 INFO o.a.j.s.SampleEvent: List of sample_variables: []
2019-08-23 11:15:30,615 INFO o.a.j.s.SampleEvent: List of sample_variables: []
2019-08-23 11:15:30,628 INFO o.a.j.e.u.CompoundVariable: Note: Function class names must contain the string: '.functions.'
2019-08-23 11:15:30,628 INFO o.a.j.e.u.CompoundVariable: Note: Function class names must not contain the string: '.gui.'
2019-08-23 11:15:31,167 INFO o.a.j.JMeter: Running test (1566580531167)
2019-08-23 11:15:31,222 INFO o.a.j.e.StandardJMeterEngine: Starting ThreadGroup: 1 : basic-performance-test
2019-08-23 11:15:31,223 INFO o.a.j.e.StandardJMeterEngine: Starting 10 threads for group basic-performance-test.
2019-08-23 11:15:31,223 INFO o.a.j.e.StandardJMeterEngine: Thread will continue on error
2019-08-23 11:15:31,227 INFO o.a.j.e.StandardJMeterEngine: All thread groups have been started
2019-08-23 11:15:31,227 INFO c.b.j.t.c.ConcurrencyThreadStarter: Start supplying threads
2019-08-23 11:15:34,239 INFO o.a.j.s.SampleResult: Note: Sample TimeStamps are START times
2019-08-23 11:15:34,239 INFO o.a.j.s.SampleResult: sampleresult.default.encoding is set to UTF-8
2019-08-23 11:15:34,240 INFO o.a.j.s.SampleResult: sampleresult.useNanoTime=true
2019-08-23 11:15:34,240 INFO o.a.j.s.SampleResult: sampleresult.nanoThreadSleep=5000
2019-08-23 11:15:34,240 INFO o.a.j.t.JMeterThread: Thread started: basic-performance-test-ThreadStarter 1-1
2019-08-23 11:15:35,031 INFO o.a.j.p.h.s.HTTPHCAbstractImpl: Local host = tbuchanans-mbp.overstock.com
2019-08-23 11:15:35,037 INFO o.a.j.p.h.s.HTTPHC4Impl: HTTP request retry count = 0
2019-08-23 11:15:36,477 INFO o.a.j.p.h.p.BaseParser: Created org.apache.jmeter.protocol.http.parser.LagartoBasedHtmlParser
2019-08-23 11:15:36,535 INFO o.a.j.p.h.s.ResourcesDownloader: Creating ResourcesDownloader with keepalive_inseconds : 60
2019-08-23 11:15:37,163 INFO o.a.j.p.h.p.BaseParser: Created org.apache.jmeter.protocol.http.parser.CssParser
2019-08-23 11:15:38,345 INFO o.a.j.u.JsseSSLManager: Using default SSL protocol: TLS
2019-08-23 11:15:38,345 INFO o.a.j.u.JsseSSLManager: SSL session context: per-thread
2019-08-23 11:15:40,266 INFO o.a.j.t.JMeterThread: Thread started: basic-performance-test-ThreadStarter 1-2
2019-08-23 11:15:46,273 INFO o.a.j.t.JMeterThread: Thread started: basic-performance-test-ThreadStarter 1-3
2019-08-23 11:15:52,288 INFO o.a.j.t.JMeterThread: Thread started: basic-performance-test-ThreadStarter 1-4
2019-08-23 11:15:58,296 INFO o.a.j.t.JMeterThread: Thread started: basic-performance-test-ThreadStarter 1-5
2019-08-23 11:16:04,315 INFO o.a.j.t.JMeterThread: Thread started: basic-performance-test-ThreadStarter 1-6
2019-08-23 11:16:10,329 INFO o.a.j.t.JMeterThread: Thread started: basic-performance-test-ThreadStarter 1-7
2019-08-23 11:16:16,348 INFO o.a.j.t.JMeterThread: Thread started: basic-performance-test-ThreadStarter 1-8
2019-08-23 11:16:22,360 INFO o.a.j.t.JMeterThread: Thread started: basic-performance-test-ThreadStarter 1-9
2019-08-23 11:16:28,367 INFO o.a.j.t.JMeterThread: Thread started: basic-performance-test-ThreadStarter 1-10
2019-08-23 11:18:01,548 INFO c.b.j.t.c.ConcurrencyThreadStarter: Done supplying threads
2019-08-23 11:18:01,812 INFO o.a.j.t.JMeterThread: Thread is done: basic-performance-test-ThreadStarter 1-2
2019-08-23 11:18:01,812 INFO o.a.j.t.JMeterThread: Thread finished: basic-performance-test-ThreadStarter 1-2
2019-08-23 11:18:01,926 INFO o.a.j.t.JMeterThread: Thread is done: basic-performance-test-ThreadStarter 1-5
2019-08-23 11:18:01,926 INFO o.a.j.t.JMeterThread: Thread finished: basic-performance-test-ThreadStarter 1-5
2019-08-23 11:18:01,955 INFO o.a.j.t.JMeterThread: Thread is done: basic-performance-test-ThreadStarter 1-6
2019-08-23 11:18:01,955 INFO o.a.j.t.JMeterThread: Thread finished: basic-performance-test-ThreadStarter 1-6
2019-08-23 11:18:02,233 INFO o.a.j.t.JMeterThread: Thread is done: basic-performance-test-ThreadStarter 1-10
2019-08-23 11:18:02,233 INFO o.a.j.t.JMeterThread: Thread finished: basic-performance-test-ThreadStarter 1-10
2019-08-23 11:18:02,261 INFO o.a.j.t.JMeterThread: Thread is done: basic-performance-test-ThreadStarter 1-9
2019-08-23 11:18:02,261 INFO o.a.j.t.JMeterThread: Thread finished: basic-performance-test-ThreadStarter 1-9
2019-08-23 11:18:02,891 INFO o.a.j.t.JMeterThread: Thread is done: basic-performance-test-ThreadStarter 1-3
2019-08-23 11:18:02,891 INFO o.a.j.t.JMeterThread: Thread finished: basic-performance-test-ThreadStarter 1-3
2019-08-23 11:18:06,693 INFO o.a.j.t.JMeterThread: Thread is done: basic-performance-test-ThreadStarter 1-8
2019-08-23 11:18:06,694 INFO o.a.j.t.JMeterThread: Thread finished: basic-performance-test-ThreadStarter 1-8
2019-08-23 11:18:13,523 INFO o.a.j.t.JMeterThread: Thread is done: basic-performance-test-ThreadStarter 1-1
2019-08-23 11:18:13,524 INFO o.a.j.t.JMeterThread: Thread finished: basic-performance-test-ThreadStarter 1-1
2019-08-23 11:18:14,931 INFO o.a.j.t.JMeterThread: Thread is done: basic-performance-test-ThreadStarter 1-4
2019-08-23 11:18:14,931 INFO o.a.j.t.JMeterThread: Thread finished: basic-performance-test-ThreadStarter 1-4
2019-08-23 11:20:08,330 INFO o.a.j.t.JMeterThread: Thread is done: basic-performance-test-ThreadStarter 1-7
2019-08-23 11:20:08,330 INFO o.a.j.t.JMeterThread: Thread finished: basic-performance-test-ThreadStarter 1-7
2019-08-23 11:20:08,330 INFO o.a.j.e.StandardJMeterEngine: Notifying test listeners of end of test
2019-08-23 11:20:08,332 INFO o.a.j.e.StandardJMeterEngine: Forced JVM shutdown requested at end of test
