[2019-08-29 09:02:13,811 INFO root] Taurus CLI Tool v1.13.8
[2019-08-29 09:02:13,811 DEBUG root] Command-line options: {'verbose': None, 'no_system_configs': None, 'quiet': None, 'log': '/var/folders/_g/j6jw1prj0413v459hxzm19vr0000gp/T/bzt_UoS9P5.log', 'option': None, 'aliases': []}
[2019-08-29 09:02:13,811 DEBUG root] Python: CPython 2.7.16
[2019-08-29 09:02:13,811 DEBUG root] OS: ('Darwin', 'tbuchanans-mbp.overstock.com', '18.7.0', 'Darwin Kernel Version 18.7.0: Tue Aug 20 16:57:14 PDT 2019; root:xnu-4903.271.2~2/RELEASE_X86_64', 'x86_64', 'i386')
[2019-08-29 09:02:13,811 INFO root] Starting with configs: ['src/test/java/performance/EarlyAccessPerformanceTest.yml']
[2019-08-29 09:02:13,811 DEBUG root] Using personal config: /Users/tbuchanan/.bzt-rc
[2019-08-29 09:02:13,811 INFO Engine] Configuring...
[2019-08-29 09:02:13,836 DEBUG Engine] Base configs list: [u'/usr/local/lib/python2.7/site-packages/bzt/resources/10-base-config.yml']
[2019-08-29 09:02:13,836 DEBUG Engine.Configuration] Configs: [u'/usr/local/lib/python2.7/site-packages/bzt/resources/10-base-config.yml']
[2019-08-29 09:02:13,836 DEBUG Engine.Configuration] Reading /usr/local/lib/python2.7/site-packages/bzt/resources/10-base-config.yml as YAML
[2019-08-29 09:02:13,866 DEBUG Engine] User configs list: ['/Users/tbuchanan/.bzt-rc', 'src/test/java/performance/EarlyAccessPerformanceTest.yml']
[2019-08-29 09:02:13,866 DEBUG Engine.Configuration] Configs: ['/Users/tbuchanan/.bzt-rc', 'src/test/java/performance/EarlyAccessPerformanceTest.yml']
[2019-08-29 09:02:13,867 DEBUG Engine.Configuration] Reading /Users/tbuchanan/.bzt-rc as YAML
[2019-08-29 09:02:13,870 DEBUG Engine.Configuration] Reading src/test/java/performance/EarlyAccessPerformanceTest.yml as YAML
[2019-08-29 09:02:13,872 DEBUG Engine.Configuration] Configs: ['/Users/tbuchanan/.bzt-rc', 'src/test/java/performance/EarlyAccessPerformanceTest.yml']
[2019-08-29 09:02:13,873 DEBUG Engine.Configuration] Reading /Users/tbuchanan/.bzt-rc as YAML
[2019-08-29 09:02:13,877 DEBUG Engine.Configuration] Reading src/test/java/performance/EarlyAccessPerformanceTest.yml as YAML
[2019-08-29 09:02:13,890 DEBUG Engine] Requesting updates info: https://gettaurus.org/updates/?version=1.13.8&installID=macos-8c8590caf493
[2019-08-29 09:02:13,891 DEBUG HTTPClient] Making HTTP request GET https://gettaurus.org/updates/?version=1.13.8&installID=macos-8c8590caf493
[2019-08-29 09:02:13,891 INFO Engine] Artifacts dir: /Users/tbuchanan/IdeaProjects/tealidragon/e2e-automation-pipeline/2019-08-29_09-02-13.891198
[2019-08-29 09:02:13,897 DEBUG Engine] New artifact filename: /Users/tbuchanan/IdeaProjects/tealidragon/e2e-automation-pipeline/2019-08-29_09-02-13.891198/effective
[2019-08-29 09:02:13,900 DEBUG Engine.Configuration] Dumping YAML config into /Users/tbuchanan/IdeaProjects/tealidragon/e2e-automation-pipeline/2019-08-29_09-02-13.891198/effective.yml
[2019-08-29 09:02:13,900 DEBUG urllib3.connectionpool] Starting new HTTPS connection (1): gettaurus.org:443
[2019-08-29 09:02:13,926 DEBUG Engine.Configuration] Dumping JSON config into /Users/tbuchanan/IdeaProjects/tealidragon/e2e-automation-pipeline/2019-08-29_09-02-13.891198/effective.json
[2019-08-29 09:02:13,927 DEBUG Engine] New artifact filename: /Users/tbuchanan/IdeaProjects/tealidragon/e2e-automation-pipeline/2019-08-29_09-02-13.891198/merged.yml
[2019-08-29 09:02:13,927 DEBUG Engine.Configuration] Dumping YAML config into /Users/tbuchanan/IdeaProjects/tealidragon/e2e-automation-pipeline/2019-08-29_09-02-13.891198/merged.yml
[2019-08-29 09:02:13,929 DEBUG Engine] New artifact filename: /Users/tbuchanan/IdeaProjects/tealidragon/e2e-automation-pipeline/2019-08-29_09-02-13.891198/merged.json
[2019-08-29 09:02:13,929 DEBUG Engine.Configuration] Dumping JSON config into /Users/tbuchanan/IdeaProjects/tealidragon/e2e-automation-pipeline/2019-08-29_09-02-13.891198/merged.json
[2019-08-29 09:02:13,929 DEBUG Engine] Add existing artifact (move=False): src/test/java/performance/EarlyAccessPerformanceTest.yml
[2019-08-29 09:02:13,930 DEBUG Engine] Copying src/test/java/performance/EarlyAccessPerformanceTest.yml to /Users/tbuchanan/IdeaProjects/tealidragon/e2e-automation-pipeline/2019-08-29_09-02-13.891198/EarlyAccessPerformanceTest.yml
[2019-08-29 09:02:13,931 DEBUG root] Closing log handler: /var/folders/_g/j6jw1prj0413v459hxzm19vr0000gp/T/bzt_UoS9P5.log
[2019-08-29 09:02:13,931 DEBUG root] Switched writing logs to /Users/tbuchanan/IdeaProjects/tealidragon/e2e-automation-pipeline/2019-08-29_09-02-13.891198/bzt.log
[2019-08-29 09:02:13,931 DEBUG root] Linting config
[2019-08-29 09:02:13,934 INFO Engine] Preparing...
[2019-08-29 09:02:13,935 DEBUG Engine] Module config: consolidator {'class': u'bzt.modules.aggregator.ConsolidatingAggregator'}
[2019-08-29 09:02:13,935 DEBUG root] Importing module: bzt.modules.aggregator
[2019-08-29 09:02:14,082 DEBUG root] Loading class: 'ConsolidatingAggregator' from <module 'bzt.modules.aggregator' from '/usr/local/lib/python2.7/site-packages/bzt/modules/aggregator.pyc'>
[2019-08-29 09:02:14,082 DEBUG Engine.consolidator] Buffer scaling setup: percentile 95.0 from [0.0, 50.0, 90.0, 95.0, 99.0, 99.9, 100.0] selected
[2019-08-29 09:02:14,083 DEBUG Engine] Module config: monitoring {'class': u'bzt.modules.monitoring.Monitoring'}
[2019-08-29 09:02:14,083 DEBUG root] Importing module: bzt.modules.monitoring
[2019-08-29 09:02:14,087 DEBUG root] Loading class: 'Monitoring' from <module 'bzt.modules.monitoring' from '/usr/local/lib/python2.7/site-packages/bzt/modules/monitoring.pyc'>
[2019-08-29 09:02:14,087 DEBUG Engine] Module config: local {'class': u'bzt.modules.provisioning.Local'}
[2019-08-29 09:02:14,087 DEBUG root] Importing module: bzt.modules.provisioning
[2019-08-29 09:02:14,087 DEBUG root] Loading class: 'Local' from <module 'bzt.modules.provisioning' from '/usr/local/lib/python2.7/site-packages/bzt/modules/provisioning.pyc'>
[2019-08-29 09:02:14,087 DEBUG Engine] Module config: jmeter {'properties': {'jmeter.save.saveservice.autoflush': u'true', 'jmeter.save.saveservice.connect_time': u'true', 'summariser.name': u'', 'jmeterengine.force.system.exit': u'true'}, 'plugins': [u'jpgc-casutg', u'jpgc-dummy', u'jpgc-ffw', u'jpgc-fifo', u'jpgc-functions', u'jpgc-json', u'jpgc-perfmon', u'jpgc-prmctl', u'jpgc-tst'], 'class': u'bzt.modules.jmeter.JMeterExecutor', 'protocol-handlers': {'http': u'bzt.jmx.http.HTTPProtocolHandler'}}
[2019-08-29 09:02:14,088 DEBUG root] Importing module: bzt.modules.jmeter
[2019-08-29 09:02:14,102 DEBUG root] Loading class: 'JMeterExecutor' from <module 'bzt.modules.jmeter' from '/usr/local/lib/python2.7/site-packages/bzt/modules/jmeter.pyc'>
[2019-08-29 09:02:14,103 DEBUG Engine.local] Preparing executor: jmeter/4665538128
[2019-08-29 09:02:14,103 DEBUG Engine] New artifact filename: /Users/tbuchanan/IdeaProjects/tealidragon/e2e-automation-pipeline/2019-08-29_09-02-13.891198/jmeter.log
[2019-08-29 09:02:14,103 DEBUG Engine.jmeter] Checking if port 4445 is free
[2019-08-29 09:02:14,104 DEBUG Engine.jmeter] Port 4445 is free
[2019-08-29 09:02:14,104 DEBUG Engine.jmeter] Using port 4445 for management
[2019-08-29 09:02:14,104 DEBUG Engine] New artifact filename: /Users/tbuchanan/IdeaProjects/tealidragon/e2e-automation-pipeline/2019-08-29_09-02-13.891198/requests.jmx
[2019-08-29 09:02:14,104 DEBUG root] Importing module: bzt.jmx.http
[2019-08-29 09:02:14,105 DEBUG root] Loading class: 'HTTPProtocolHandler' from <module 'bzt.jmx.http' from '/usr/local/lib/python2.7/site-packages/bzt/jmx/http.pyc'>
[2019-08-29 09:02:14,106 DEBUG JMeterScenarioBuilder] Saving JMX to: /Users/tbuchanan/IdeaProjects/tealidragon/e2e-automation-pipeline/2019-08-29_09-02-13.891198/requests.jmx
[2019-08-29 09:02:14,107 DEBUG Engine.jmeter] Additional system properties {'sun.net.inetaddr.ttl': 0}
[2019-08-29 09:02:14,107 DEBUG Engine] New artifact filename: /Users/tbuchanan/IdeaProjects/tealidragon/e2e-automation-pipeline/2019-08-29_09-02-13.891198/system.properties
[2019-08-29 09:02:14,108 DEBUG Engine.jmeter] Additional properties: {'jmeter.save.saveservice.autoflush': u'true', 'jmeter.save.saveservice.connect_time': u'true', 'user.classpath': '/Users/tbuchanan/IdeaProjects/tealidragon/e2e-automation-pipeline/2019-08-29_09-02-13.891198:/Users/tbuchanan/IdeaProjects/tealidragon/e2e-automation-pipeline/2019-08-29_09-02-13.891198', 'sampleresult.default.encoding': 'UTF-8', 'summariser.name': u'', 'jmeterengine.force.system.exit': u'true', 'jmeter.save.saveservice.timestamp_format': 'ms', 'jmeterengine.nongui.maxport': 4445, 'jmeterengine.nongui.port': 4445}
[2019-08-29 09:02:14,108 DEBUG Engine] New artifact filename: /Users/tbuchanan/IdeaProjects/tealidragon/e2e-automation-pipeline/2019-08-29_09-02-13.891198/jmeter-bzt.properties
[2019-08-29 09:02:14,108 DEBUG Engine.jmeter.JavaVM] Trying JavaVM: ['java', '-version']
[2019-08-29 09:02:14,108 DEBUG root] Executing shell: ['java', '-version'] at .
[2019-08-29 09:02:14,206 DEBUG Engine.jmeter.JavaVM] JavaVM output: 
[2019-08-29 09:02:14,206 DEBUG Engine.jmeter.TclLibrary] We don't need to check tcl library on this platform
[2019-08-29 09:02:14,206 DEBUG Engine.jmeter.JMeter] Trying JMeter..
[2019-08-29 09:02:14,207 DEBUG root] Executing shell: ['/Users/tbuchanan/.bzt/jmeter-taurus/5.1.1/bin/jmeter.sh', '-j', '/var/folders/_g/j6jw1prj0413v459hxzm19vr0000gp/T/jmeterPptKyilog', '--version'] at .
[2019-08-29 09:02:14,313 DEBUG urllib3.connectionpool] https://gettaurus.org:443 "GET /updates/?version=1.13.8&installID=macos-8c8590caf493 HTTP/1.1" 200 40
[2019-08-29 09:02:14,315 DEBUG Engine] Taurus updates info: {u'needsUpgrade': False, u'latest': u'1.13.8'}
[2019-08-29 09:02:14,315 DEBUG Engine] Installation is up-to-date
[2019-08-29 09:02:15,268 DEBUG Engine.jmeter.JMeter] JMeter check:     _    ____   _    ____ _   _ _____       _ __  __ _____ _____ _____ ____     
   / \  |  _ \ / \  / ___| | | | ____|     | |  \/  | ____|_   _| ____|  _ \   
  / _ \ | |_) / _ \| |   | |_| |  _|    _  | | |\/| |  _|   | | |  _| | |_) | 
 / ___ \|  __/ ___ \ |___|  _  | |___  | |_| | |  | | |___  | | | |___|  _ <  
/_/   \_\_| /_/   \_\____|_| |_|_____|  \___/|_|  |_|_____| |_| |_____|_| \_\ 5.1.1 r1855137  

Copyright (c) 1999-2019 The Apache Software Foundation

 / 
[2019-08-29 09:02:15,270 DEBUG Engine] New artifact filename: /Users/tbuchanan/IdeaProjects/tealidragon/e2e-automation-pipeline/2019-08-29_09-02-13.891198/kpi.jtl
[2019-08-29 09:02:15,271 DEBUG Engine] New artifact filename: /Users/tbuchanan/IdeaProjects/tealidragon/e2e-automation-pipeline/2019-08-29_09-02-13.891198/error.jtl
[2019-08-29 09:02:15,272 DEBUG Engine.jmeter.LoadSettingsProcessor] Load: LoadSpec(concurrency=10, throughput=None, ramp_up=60.0, hold=90.0, iterations=0, duration=150.0, steps=None)
[2019-08-29 09:02:15,273 DEBUG Engine.jmeter.LoadSettingsProcessor.ThreadGroupHandler] Converting ThreadGroup (basic-performance-test) to ConcurrencyThreadGroup and apply load parameters
[2019-08-29 09:02:15,274 DEBUG Engine] New artifact filename: /Users/tbuchanan/IdeaProjects/tealidragon/e2e-automation-pipeline/2019-08-29_09-02-13.891198/modified_requests.jmx
[2019-08-29 09:02:15,274 DEBUG JMX] Saving JMX to: /Users/tbuchanan/IdeaProjects/tealidragon/e2e-automation-pipeline/2019-08-29_09-02-13.891198/modified_requests.jmx
[2019-08-29 09:02:15,274 DEBUG root] Executing shell: ['/Users/tbuchanan/.bzt/jmeter-taurus/5.1.1/bin/PluginsManagerCMD.sh', 'install-for-jmx', '/Users/tbuchanan/IdeaProjects/tealidragon/e2e-automation-pipeline/2019-08-29_09-02-13.891198/modified_requests.jmx'] at .
[2019-08-29 09:02:16,983 DEBUG Engine.jmeter.JMeter] Try to detect plugins for /Users/tbuchanan/IdeaProjects/tealidragon/e2e-automation-pipeline/2019-08-29_09-02-13.891198/modified_requests.jmx
2019-08-29 09:02:15,984 INFO o.j.r.PluginManagerCMD: Command is: install-for-jmx
2019-08-29 09:02:16,092 INFO o.j.r.JARSourceHTTP: Found cached repo
2019-08-29 09:02:16,252 INFO o.j.r.PluginManager: Plugins Status: [jpgc-functions=2.1, jpgc-casutg=2.9, jpgc-dummy=0.4, jpgc-ffw=2.0, jpgc-fifo=0.2, jpgc-json=2.7, jpgc-prmctl=0.4, jpgc-perfmon=2.1, jpgc-plugins-manager=1.3, jpgc-tst=2.5, jmeter-core=5.1.1, jmeter-ftp=5.1.1, jmeter-http=5.1.1, jmeter-jdbc=5.1.1, jmeter-jms=5.1.1, jmeter-junit=5.1.1, jmeter-java=5.1.1, jmeter-ldap=5.1.1, jmeter-mail=5.1.1, jmeter-mongodb=5.1.1, jmeter-native=5.1.1, jmeter-tcp=5.1.1, jmeter-components=5.1.1]
2019-08-29 09:02:16,253 INFO o.j.r.PluginManagerCMD: Params line is: /Users/tbuchanan/IdeaProjects/tealidragon/e2e-automation-pipeline/2019-08-29_09-02-13.891198/modified_requests.jmx
2019-08-29 09:02:16,439 INFO o.a.j.s.SaveService: Testplan (JMX) version: 2.2. Testlog (JTL) version: 2.2
2019-08-29 09:02:16,452 INFO o.a.j.s.SaveService: Using SaveService properties file encoding UTF-8
2019-08-29 09:02:16,456 INFO o.a.j.s.SaveService: Using SaveService properties version 5.0
2019-08-29 09:02:16,498 INFO o.a.j.p.h.c.CacheManager: Will only cache the following methods: [GET]
2019-08-29 09:02:16,501 INFO o.a.j.p.h.c.CookieManager: Settings: Delete null: true Check: true Allow variable: true Save: false Prefix: COOKIE_
2019-08-29 09:02:16,571 INFO o.a.j.p.h.s.HTTPSamplerBase: Parser for text/html is org.apache.jmeter.protocol.http.parser.LagartoBasedHtmlParser
2019-08-29 09:02:16,571 INFO o.a.j.p.h.s.HTTPSamplerBase: Parser for application/xhtml+xml is org.apache.jmeter.protocol.http.parser.LagartoBasedHtmlParser
2019-08-29 09:02:16,571 INFO o.a.j.p.h.s.HTTPSamplerBase: Parser for application/xml is org.apache.jmeter.protocol.http.parser.LagartoBasedHtmlParser
2019-08-29 09:02:16,571 INFO o.a.j.p.h.s.HTTPSamplerBase: Parser for text/xml is org.apache.jmeter.protocol.http.parser.LagartoBasedHtmlParser
2019-08-29 09:02:16,571 INFO o.a.j.p.h.s.HTTPSamplerBase: Parser for text/vnd.wap.wml is org.apache.jmeter.protocol.http.parser.RegexpHTMLParser
2019-08-29 09:02:16,571 INFO o.a.j.p.h.s.HTTPSamplerBase: Parser for text/css is org.apache.jmeter.protocol.http.parser.CssParser
2019-08-29 09:02:16,615 INFO o.j.r.PluginManager: Finishing without changes


[2019-08-29 09:02:16,983 DEBUG Engine] New artifact filename: /Users/tbuchanan/IdeaProjects/tealidragon/e2e-automation-pipeline/2019-08-29_09-02-13.891198/jmeter.out
[2019-08-29 09:02:16,983 DEBUG Engine] New artifact filename: /Users/tbuchanan/IdeaProjects/tealidragon/e2e-automation-pipeline/2019-08-29_09-02-13.891198/jmeter.err
[2019-08-29 09:02:16,984 DEBUG Engine] Module config: final-stats {'class': u'bzt.modules.reporting.FinalStatus'}
[2019-08-29 09:02:16,985 DEBUG root] Importing module: bzt.modules.reporting
[2019-08-29 09:02:17,013 DEBUG easyprocess] version=0.2.7
[2019-08-29 09:02:17,017 DEBUG pyvirtualdisplay] version=0.2.4
[2019-08-29 09:02:17,021 DEBUG root] Loading class: 'FinalStatus' from <module 'bzt.modules.reporting' from '/usr/local/lib/python2.7/site-packages/bzt/modules/reporting.pyc'>
[2019-08-29 09:02:17,021 DEBUG Engine] Module config: console {'class': u'bzt.modules.console.ConsoleStatusReporter'}
[2019-08-29 09:02:17,021 DEBUG root] Importing module: bzt.modules.console
[2019-08-29 09:02:17,021 DEBUG root] Loading class: 'ConsoleStatusReporter' from <module 'bzt.modules.console' from '/usr/local/lib/python2.7/site-packages/bzt/modules/console.pyc'>
[2019-08-29 09:02:17,028 DEBUG Engine.Configuration] Dumping YAML config into /Users/tbuchanan/IdeaProjects/tealidragon/e2e-automation-pipeline/2019-08-29_09-02-13.891198/effective.yml
[2019-08-29 09:02:17,047 DEBUG Engine.Configuration] Dumping JSON config into /Users/tbuchanan/IdeaProjects/tealidragon/e2e-automation-pipeline/2019-08-29_09-02-13.891198/effective.json
[2019-08-29 09:02:17,049 INFO Engine] Starting...
[2019-08-29 09:02:17,049 DEBUG Engine] Startup <bzt.modules.monitoring.Monitoring object at 0x11613cc90>
[2019-08-29 09:02:17,049 DEBUG Engine] Startup <bzt.modules.aggregator.ConsolidatingAggregator object at 0x10a5504d0>
[2019-08-29 09:02:17,049 DEBUG Engine] Startup <bzt.modules.reporting.FinalStatus object at 0x10a532950>
[2019-08-29 09:02:17,049 DEBUG Engine] Startup <bzt.modules.console.ConsoleStatusReporter object at 0x1161fd4d0>
[2019-08-29 09:02:17,049 INFO Engine.console] Waiting for results...
[2019-08-29 09:02:17,049 DEBUG Engine] Startup <bzt.modules.provisioning.Local object at 0x10a5076d0>
[2019-08-29 09:02:17,049 DEBUG Engine.local] Delay setup for jmeter/basic-performance-test: 0(start-at) + 0(delay) = 0
[2019-08-29 09:02:17,051 DEBUG Engine.Configuration] Dumping YAML config into /Users/tbuchanan/IdeaProjects/tealidragon/e2e-automation-pipeline/2019-08-29_09-02-13.891198/effective.yml
[2019-08-29 09:02:17,071 DEBUG Engine.Configuration] Dumping JSON config into /Users/tbuchanan/IdeaProjects/tealidragon/e2e-automation-pipeline/2019-08-29_09-02-13.891198/effective.json
[2019-08-29 09:02:17,071 DEBUG root] Leveling down log file verbosity to INFO, use -v option to have DEBUG messages enabled
[2019-08-29 09:02:17,072 DEBUG root] Leveled up log file verbosity
[2019-08-29 09:02:17,072 DEBUG root] Executing shell: ['/Users/tbuchanan/.bzt/jmeter-taurus/5.1.1/bin/jmeter.sh', '-t', '/Users/tbuchanan/IdeaProjects/tealidragon/e2e-automation-pipeline/2019-08-29_09-02-13.891198/modified_requests.jmx', '-j', '/Users/tbuchanan/IdeaProjects/tealidragon/e2e-automation-pipeline/2019-08-29_09-02-13.891198/jmeter.log', '-q', '/Users/tbuchanan/IdeaProjects/tealidragon/e2e-automation-pipeline/2019-08-29_09-02-13.891198/jmeter-bzt.properties', '-n', '-S', '/Users/tbuchanan/IdeaProjects/tealidragon/e2e-automation-pipeline/2019-08-29_09-02-13.891198/system.properties'] at /Users/tbuchanan/IdeaProjects/tealidragon/e2e-automation-pipeline
[2019-08-29 09:02:17,083 DEBUG Engine.local] Starting execution: jmeter/basic-performance-test, rest of available slots: 9223372036854775806
[2019-08-29 09:02:17,083 DEBUG root] Leveling down log file verbosity to INFO, use -v option to have DEBUG messages enabled
[2019-08-29 09:02:17,303 INFO Engine.console] Waiting for finish...
[2019-08-29 09:03:26,054 WARNING Engine] Please wait for graceful shutdown...
[2019-08-29 09:03:26,060 DEBUG root] Leveled up log file verbosity
[2019-08-29 09:03:26,060 INFO Engine] Shutting down...
[2019-08-29 09:03:26,065 DEBUG Engine] Current stop reason: 
[2019-08-29 09:03:26,065 DEBUG Engine.local] Shutdown jmeter/basic-performance-test
[2019-08-29 09:03:27,070 INFO Engine.jmeter] Sending Shutdown command to JMeter on port 4445...
[2019-08-29 09:03:28,071 DEBUG Engine.local] Exception in shutdown of JMeterExecutor:  Traceback (most recent call last):
  File "/usr/local/lib/python2.7/site-packages/bzt/modules/provisioning.py", line 141, in shutdown
    executor.shutdown()
  File "/usr/local/lib/python2.7/site-packages/bzt/modules/jmeter.py", line 366, in shutdown
    if self._process_stopped(max_attempts):
  File "/usr/local/lib/python2.7/site-packages/bzt/modules/jmeter.py", line 399, in _process_stopped
    time.sleep(self.engine.check_interval)
KeyboardInterrupt

[2019-08-29 09:03:28,072 DEBUG Engine] :
Traceback (most recent call last):
  File "/usr/local/lib/python2.7/site-packages/bzt/engine/engine.py", line 293, in _shutdown
    module.shutdown()
  File "/usr/local/lib/python2.7/site-packages/bzt/modules/provisioning.py", line 150, in shutdown
    reraise(exc_info, exc_value)
  File "/usr/local/lib/python2.7/site-packages/bzt/modules/provisioning.py", line 141, in shutdown
    executor.shutdown()
  File "/usr/local/lib/python2.7/site-packages/bzt/modules/jmeter.py", line 366, in shutdown
    if self._process_stopped(max_attempts):
  File "/usr/local/lib/python2.7/site-packages/bzt/modules/jmeter.py", line 399, in _process_stopped
    time.sleep(self.engine.check_interval)
KeyboardInterrupt

[2019-08-29 09:03:28,072 DEBUG Engine.console] Restoring logging streams, [<logging.StreamHandler object at 0x10a4fdc90>]/{<logging.StreamHandler object at 0x10a4fdc90>: <open file '<stdout>', mode 'w' at 0x108de0150>}
[2019-08-29 09:03:28,075 DEBUG Engine.Configuration] Dumping YAML config into /Users/tbuchanan/IdeaProjects/tealidragon/e2e-automation-pipeline/2019-08-29_09-02-13.891198/effective.yml
[2019-08-29 09:03:28,101 DEBUG Engine.Configuration] Dumping JSON config into /Users/tbuchanan/IdeaProjects/tealidragon/e2e-automation-pipeline/2019-08-29_09-02-13.891198/effective.json
[2019-08-29 09:03:28,102 DEBUG Engine] :
Traceback (most recent call last):
  File "/usr/local/lib/python2.7/site-packages/bzt/engine/engine.py", line 237, in run
    self._shutdown()
  File "/usr/local/lib/python2.7/site-packages/bzt/engine/engine.py", line 304, in _shutdown
    reraise(exc_info, exc_value)
  File "/usr/local/lib/python2.7/site-packages/bzt/engine/engine.py", line 293, in _shutdown
    module.shutdown()
  File "/usr/local/lib/python2.7/site-packages/bzt/modules/provisioning.py", line 150, in shutdown
    reraise(exc_info, exc_value)
  File "/usr/local/lib/python2.7/site-packages/bzt/modules/provisioning.py", line 141, in shutdown
    executor.shutdown()
  File "/usr/local/lib/python2.7/site-packages/bzt/modules/jmeter.py", line 366, in shutdown
    if self._process_stopped(max_attempts):
  File "/usr/local/lib/python2.7/site-packages/bzt/modules/jmeter.py", line 399, in _process_stopped
    time.sleep(self.engine.check_interval)
KeyboardInterrupt

[2019-08-29 09:03:28,102 WARNING root] Keyboard interrupt
[2019-08-29 09:03:28,103 DEBUG root] KeyboardInterrupt: 
Traceback (most recent call last):
  File "/usr/local/lib/python2.7/site-packages/bzt/cli.py", line 259, in perform
    self.engine.run()
  File "/usr/local/lib/python2.7/site-packages/bzt/engine/engine.py", line 247, in run
    reraise(exc_info, exc_value)
  File "/usr/local/lib/python2.7/site-packages/bzt/engine/engine.py", line 226, in run
    self._wait()
  File "/usr/local/lib/python2.7/site-packages/bzt/engine/engine.py", line 275, in _wait
    time.sleep(delay)
KeyboardInterrupt
[2019-08-29 09:03:28,104 INFO Engine] Post-processing...
[2019-08-29 09:03:28,104 DEBUG Engine.local] Post-process jmeter/basic-performance-test
[2019-08-29 09:03:28,104 DEBUG Engine] Add existing artifact (move=True): /Users/tbuchanan/IdeaProjects/tealidragon/e2e-automation-pipeline/2019-08-29_09-02-13.891198/modified_requests.jmx
[2019-08-29 09:03:28,104 DEBUG Engine] No need to copy /Users/tbuchanan/IdeaProjects/tealidragon/e2e-automation-pipeline/2019-08-29_09-02-13.891198/modified_requests.jmx
[2019-08-29 09:03:28,104 DEBUG Engine.jmeter.JTLErrorsReader] Read bytes from error file: 40558
[2019-08-29 09:03:28,113 DEBUG Engine.jmeter.JTLReader.IncrementalCSVReader] Read: 31 lines / 5920 bytes (at speed 1048576)
[2019-08-29 09:03:28,114 DEBUG Engine.jmeter.JTLReader] Buffer len: 4; Known errors count: 0
[2019-08-29 09:03:28,114 DEBUG Engine.jmeter.JTLReader] Aggregating: 1567091004, 4 in buffer
[2019-08-29 09:03:28,115 DEBUG Engine.jmeter.JTLErrorsReader] Got error info for 1567091004, labels: ['', 'http://earlyaccess.cluboautomation.test.ostk.com:8080/early/access/product/33']
[2019-08-29 09:03:28,116 DEBUG Engine.jmeter.JTLReader] Buffer len: 3; Known errors count: 0
[2019-08-29 09:03:28,118 DEBUG Engine.jmeter.JTLReader] Aggregating: 1567091005, 3 in buffer
[2019-08-29 09:03:28,119 DEBUG Engine.jmeter.JTLErrorsReader] Got error info for 1567091005, labels: ['', 'http://earlyaccess.cluboautomation.test.ostk.com:8080/early/access/product/33']
[2019-08-29 09:03:28,120 DEBUG Engine.jmeter.JTLReader] Buffer len: 2; Known errors count: 0
[2019-08-29 09:03:28,122 DEBUG Engine.jmeter.JTLReader] Aggregating: 1567091006, 2 in buffer
[2019-08-29 09:03:28,123 DEBUG Engine.jmeter.JTLErrorsReader] Got error info for 1567091006, labels: ['', 'http://earlyaccess.cluboautomation.test.ostk.com:8080/early/access/product/33']
[2019-08-29 09:03:28,124 DEBUG Engine.jmeter.JTLReader] Buffer len: 1; Known errors count: 0
[2019-08-29 09:03:28,126 DEBUG Engine.jmeter.JTLReader] Aggregating: 1567091007, 1 in buffer
[2019-08-29 09:03:28,127 DEBUG Engine.jmeter.JTLErrorsReader] Got error info for 1567091007, labels: ['', 'http://earlyaccess.cluboautomation.test.ostk.com:8080/early/access/product/33']
[2019-08-29 09:03:28,128 DEBUG Engine.jmeter.JTLReader] Buffer len: 0; Known errors count: 0
[2019-08-29 09:03:28,128 DEBUG Engine.consolidator] Consolidator buffer[6]: [1567091002, 1567091003, 1567091004, 1567091005, 1567091006, 1567091007]
[2019-08-29 09:03:28,128 DEBUG Engine.consolidator] Merging into 1567091002
[2019-08-29 09:03:28,128 DEBUG Engine.consolidator] Bypassing consolidation because of single result
[2019-08-29 09:03:28,133 DEBUG Engine.consolidator] Processed datapoint: 1567091002/ConsolidatingAggregator@4468311248
[2019-08-29 09:03:28,133 DEBUG Engine.consolidator] Merging into 1567091003
[2019-08-29 09:03:28,133 DEBUG Engine.consolidator] Bypassing consolidation because of single result
[2019-08-29 09:03:28,138 DEBUG Engine.consolidator] Processed datapoint: 1567091003/ConsolidatingAggregator@4468311248
[2019-08-29 09:03:28,138 DEBUG Engine.consolidator] Merging into 1567091004
[2019-08-29 09:03:28,139 DEBUG Engine.consolidator] Bypassing consolidation because of single result
[2019-08-29 09:03:28,143 DEBUG Engine.consolidator] Processed datapoint: 1567091004/ConsolidatingAggregator@4468311248
[2019-08-29 09:03:28,143 DEBUG Engine.consolidator] Merging into 1567091005
[2019-08-29 09:03:28,143 DEBUG Engine.consolidator] Bypassing consolidation because of single result
[2019-08-29 09:03:28,149 DEBUG Engine.consolidator] Processed datapoint: 1567091005/ConsolidatingAggregator@4468311248
[2019-08-29 09:03:28,149 DEBUG Engine.consolidator] Merging into 1567091006
[2019-08-29 09:03:28,149 DEBUG Engine.consolidator] Bypassing consolidation because of single result
[2019-08-29 09:03:28,153 DEBUG Engine.consolidator] Processed datapoint: 1567091006/ConsolidatingAggregator@4468311248
[2019-08-29 09:03:28,153 DEBUG Engine.consolidator] Merging into 1567091007
[2019-08-29 09:03:28,153 DEBUG Engine.consolidator] Bypassing consolidation because of single result
[2019-08-29 09:03:28,158 DEBUG Engine.consolidator] Processed datapoint: 1567091007/ConsolidatingAggregator@4468311248
[2019-08-29 09:03:28,158 INFO Engine.final-stats] Test duration: 0:01:11
[2019-08-29 09:03:28,158 INFO Engine.final-stats] Samples count: 497, 100.00% failures
[2019-08-29 09:03:28,158 INFO Engine.final-stats] Average times: total 0.022, latency 0.021, connect 0.007
[2019-08-29 09:03:28,159 INFO Engine.final-stats] Percentiles:
(0lqqqqqqqqqqqqqqqwqqqqqqqqqqqqqqqk(B
(0x(B Percentile, % (0x(B Resp. Time, s (0x(B
(0tqqqqqqqqqqqqqqqnqqqqqqqqqqqqqqqu(B
(0x(B           0.0 (0x(B         0.009 (0x(B
(0x(B          50.0 (0x(B         0.016 (0x(B
(0x(B          90.0 (0x(B         0.028 (0x(B
(0x(B          95.0 (0x(B         0.061 (0x(B
(0x(B          99.0 (0x(B         0.128 (0x(B
(0x(B          99.9 (0x(B         0.241 (0x(B
(0x(B         100.0 (0x(B         0.241 (0x(B
(0mqqqqqqqqqqqqqqqvqqqqqqqqqqqqqqqj(B
[2019-08-29 09:03:28,160 INFO Engine.final-stats] Request label stats:
(0lqqqqqqqqqqqqqqqqqqqqqqqqqqqqqqqqqqqqqqqqqqqqqqqqqqqqqqqqqqqqqqqqqqqqqqqqqqqqqqqwqqqqqqqqwqqqqqqqwqqqqqqqqwqqqqqqqk(B
(0x(B label                                                                         (0x(B status (0x(B  succ (0x(B avg_rt (0x(B error (0x(B
(0tqqqqqqqqqqqqqqqqqqqqqqqqqqqqqqqqqqqqqqqqqqqqqqqqqqqqqqqqqqqqqqqqqqqqqqqqqqqqqqqnqqqqqqqqnqqqqqqqnqqqqqqqqnqqqqqqqu(B
(0x(B http://earlyaccess.cluboautomation.test.ostk.com:8080/early/access/product/33 (0x(B  FAIL  (0x(B 0.00% (0x(B  0.022 (0x(B       (0x(B
(0mqqqqqqqqqqqqqqqqqqqqqqqqqqqqqqqqqqqqqqqqqqqqqqqqqqqqqqqqqqqqqqqqqqqqqqqqqqqqqqqvqqqqqqqqvqqqqqqqvqqqqqqqqvqqqqqqqj(B
[2019-08-29 09:03:28,160 DEBUG Engine.console] No logger_handler or orig_stream was detected
[2019-08-29 09:03:28,162 DEBUG Engine.Configuration] Dumping YAML config into /Users/tbuchanan/IdeaProjects/tealidragon/e2e-automation-pipeline/2019-08-29_09-02-13.891198/effective.yml
[2019-08-29 09:03:28,182 DEBUG Engine.Configuration] Dumping JSON config into /Users/tbuchanan/IdeaProjects/tealidragon/e2e-automation-pipeline/2019-08-29_09-02-13.891198/effective.json
[2019-08-29 09:03:28,183 INFO root] Artifacts dir: /Users/tbuchanan/IdeaProjects/tealidragon/e2e-automation-pipeline/2019-08-29_09-02-13.891198
[2019-08-29 09:03:28,183 WARNING root] Done performing with code: 1
[2019-08-29 09:03:28,183 DEBUG root] Closing log handler: /Users/tbuchanan/IdeaProjects/tealidragon/e2e-automation-pipeline/2019-08-29_09-02-13.891198/bzt.log
