2019-08-29 09:02:17,980 INFO o.a.j.u.JMeterUtils: Setting Locale to en_US
2019-08-29 09:02:18,000 INFO o.a.j.JMeter: Loading user properties from: /Users/tbuchanan/.bzt/jmeter-taurus/5.1.1/bin/user.properties
2019-08-29 09:02:18,000 INFO o.a.j.JMeter: Loading system properties from: /Users/tbuchanan/.bzt/jmeter-taurus/5.1.1/bin/system.properties
2019-08-29 09:02:18,000 INFO o.a.j.JMeter: Loading additional properties from: /Users/tbuchanan/IdeaProjects/tealidragon/e2e-automation-pipeline/2019-08-29_09-02-13.891198/jmeter-bzt.properties
2019-08-29 09:02:18,000 INFO o.a.j.JMeter: Setting System properties from file: /Users/tbuchanan/IdeaProjects/tealidragon/e2e-automation-pipeline/2019-08-29_09-02-13.891198/system.properties
2019-08-29 09:02:18,005 INFO o.a.j.JMeter: Copyright (c) 1998-2019 The Apache Software Foundation
2019-08-29 09:02:18,006 INFO o.a.j.JMeter: Version 5.1.1 r1855137
2019-08-29 09:02:18,007 INFO o.a.j.JMeter: java.version=1.8.0_221
2019-08-29 09:02:18,007 INFO o.a.j.JMeter: java.vm.name=Java HotSpot(TM) 64-Bit Server VM
2019-08-29 09:02:18,007 INFO o.a.j.JMeter: os.name=Mac OS X
2019-08-29 09:02:18,007 INFO o.a.j.JMeter: os.arch=x86_64
2019-08-29 09:02:18,007 INFO o.a.j.JMeter: os.version=10.14.6
2019-08-29 09:02:18,007 INFO o.a.j.JMeter: file.encoding=UTF-8
2019-08-29 09:02:18,007 INFO o.a.j.JMeter: java.awt.headless=true
2019-08-29 09:02:18,007 INFO o.a.j.JMeter: Max memory     =3817865216
2019-08-29 09:02:18,007 INFO o.a.j.JMeter: Available Processors =8
2019-08-29 09:02:18,011 INFO o.a.j.JMeter: Default Locale=English (United States)
2019-08-29 09:02:18,011 INFO o.a.j.JMeter: JMeter  Locale=English (United States)
2019-08-29 09:02:18,011 INFO o.a.j.JMeter: JMeterHome=/Users/tbuchanan/.bzt/jmeter-taurus/5.1.1
2019-08-29 09:02:18,011 INFO o.a.j.JMeter: user.dir  =/Users/tbuchanan/IdeaProjects/tealidragon/e2e-automation-pipeline
2019-08-29 09:02:18,011 INFO o.a.j.JMeter: PWD       =/Users/tbuchanan/IdeaProjects/tealidragon/e2e-automation-pipeline
2019-08-29 09:02:18,013 INFO o.a.j.JMeter: IP: 10.15.45.41 Name: tbuchanans-mbp.overstock.com FullName: tbuchanans-mbp.overstock.com
2019-08-29 09:02:18,013 INFO o.a.j.JMeter: user.classpath=/Users/tbuchanan/IdeaProjects/tealidragon/e2e-automation-pipeline/2019-08-29_09-02-13.891198:/Users/tbuchanan/IdeaProjects/tealidragon/e2e-automation-pipeline/2019-08-29_09-02-13.891198
2019-08-29 09:02:18,013 INFO o.a.j.JMeter: Adding to classpath and loader: /Users/tbuchanan/IdeaProjects/tealidragon/e2e-automation-pipeline/2019-08-29_09-02-13.891198
2019-08-29 09:02:18,014 INFO o.a.j.JMeter: Adding to classpath and loader: /Users/tbuchanan/IdeaProjects/tealidragon/e2e-automation-pipeline/2019-08-29_09-02-13.891198
2019-08-29 09:02:18,017 INFO o.a.j.s.FileServer: Default base='/Users/tbuchanan/IdeaProjects/tealidragon/e2e-automation-pipeline'
2019-08-29 09:02:18,021 INFO o.a.j.s.FileServer: Set new base='/Users/tbuchanan/IdeaProjects/tealidragon/e2e-automation-pipeline/2019-08-29_09-02-13.891198'
2019-08-29 09:02:18,145 INFO o.a.j.s.SaveService: Testplan (JMX) version: 2.2. Testlog (JTL) version: 2.2
2019-08-29 09:02:18,161 INFO o.a.j.s.SaveService: Using SaveService properties file encoding UTF-8
2019-08-29 09:02:18,165 INFO o.a.j.s.SaveService: Using SaveService properties version 5.0
2019-08-29 09:02:18,170 INFO o.a.j.s.SaveService: Loading file: /Users/tbuchanan/IdeaProjects/tealidragon/e2e-automation-pipeline/2019-08-29_09-02-13.891198/modified_requests.jmx
2019-08-29 09:02:18,235 INFO o.a.j.p.h.c.CacheManager: Will only cache the following methods: [GET]
2019-08-29 09:02:18,237 INFO o.a.j.p.h.c.CookieManager: Settings: Delete null: true Check: true Allow variable: true Save: false Prefix: COOKIE_
2019-08-29 09:02:18,251 INFO o.a.j.p.h.s.HTTPSamplerBase: Parser for text/html is org.apache.jmeter.protocol.http.parser.LagartoBasedHtmlParser
2019-08-29 09:02:18,251 INFO o.a.j.p.h.s.HTTPSamplerBase: Parser for application/xhtml+xml is org.apache.jmeter.protocol.http.parser.LagartoBasedHtmlParser
2019-08-29 09:02:18,251 INFO o.a.j.p.h.s.HTTPSamplerBase: Parser for application/xml is org.apache.jmeter.protocol.http.parser.LagartoBasedHtmlParser
2019-08-29 09:02:18,251 INFO o.a.j.p.h.s.HTTPSamplerBase: Parser for text/xml is org.apache.jmeter.protocol.http.parser.LagartoBasedHtmlParser
2019-08-29 09:02:18,251 INFO o.a.j.p.h.s.HTTPSamplerBase: Parser for text/vnd.wap.wml is org.apache.jmeter.protocol.http.parser.RegexpHTMLParser
2019-08-29 09:02:18,251 INFO o.a.j.p.h.s.HTTPSamplerBase: Parser for text/css is org.apache.jmeter.protocol.http.parser.CssParser
2019-08-29 09:02:18,275 INFO o.a.j.e.StandardJMeterEngine: Running the test!
2019-08-29 09:02:18,276 INFO o.a.j.s.SampleEvent: List of sample_variables: []
2019-08-29 09:02:18,276 INFO o.a.j.s.SampleEvent: List of sample_variables: []
2019-08-29 09:02:18,281 INFO o.a.j.e.u.CompoundVariable: Note: Function class names must contain the string: '.functions.'
2019-08-29 09:02:18,281 INFO o.a.j.e.u.CompoundVariable: Note: Function class names must not contain the string: '.gui.'
2019-08-29 09:02:18,607 INFO o.a.j.JMeter: Running test (1567090938607)
2019-08-29 09:02:18,663 INFO o.a.j.e.StandardJMeterEngine: Starting ThreadGroup: 1 : basic-performance-test
2019-08-29 09:02:18,663 INFO o.a.j.e.StandardJMeterEngine: Starting 10 threads for group basic-performance-test.
2019-08-29 09:02:18,664 INFO o.a.j.e.StandardJMeterEngine: Thread will continue on error
2019-08-29 09:02:18,666 INFO o.a.j.e.StandardJMeterEngine: All thread groups have been started
2019-08-29 09:02:18,666 INFO c.b.j.t.c.ConcurrencyThreadStarter: Start supplying threads
2019-08-29 09:02:21,684 INFO o.a.j.s.SampleResult: Note: Sample TimeStamps are START times
2019-08-29 09:02:21,684 INFO o.a.j.s.SampleResult: sampleresult.default.encoding is set to UTF-8
2019-08-29 09:02:21,684 INFO o.a.j.s.SampleResult: sampleresult.useNanoTime=true
2019-08-29 09:02:21,684 INFO o.a.j.s.SampleResult: sampleresult.nanoThreadSleep=5000
2019-08-29 09:02:21,684 INFO o.a.j.t.JMeterThread: Thread started: basic-performance-test-ThreadStarter 1-1
2019-08-29 09:02:22,462 INFO o.a.j.p.h.s.HTTPHCAbstractImpl: Local host = tbuchanans-mbp.overstock.com
2019-08-29 09:02:22,468 INFO o.a.j.p.h.s.HTTPHC4Impl: HTTP request retry count = 0
2019-08-29 09:02:23,534 INFO o.a.j.u.JsseSSLManager: Using default SSL protocol: TLS
2019-08-29 09:02:23,534 INFO o.a.j.u.JsseSSLManager: SSL session context: per-thread
2019-08-29 09:02:27,698 INFO o.a.j.t.JMeterThread: Thread started: basic-performance-test-ThreadStarter 1-2
2019-08-29 09:02:33,718 INFO o.a.j.t.JMeterThread: Thread started: basic-performance-test-ThreadStarter 1-3
2019-08-29 09:02:39,739 INFO o.a.j.t.JMeterThread: Thread started: basic-performance-test-ThreadStarter 1-4
2019-08-29 09:02:45,760 INFO o.a.j.t.JMeterThread: Thread started: basic-performance-test-ThreadStarter 1-5
2019-08-29 09:02:51,769 INFO o.a.j.t.JMeterThread: Thread started: basic-performance-test-ThreadStarter 1-6
2019-08-29 09:02:57,792 INFO o.a.j.t.JMeterThread: Thread started: basic-performance-test-ThreadStarter 1-7
2019-08-29 09:03:03,805 INFO o.a.j.t.JMeterThread: Thread started: basic-performance-test-ThreadStarter 1-8
2019-08-29 09:03:09,812 INFO o.a.j.t.JMeterThread: Thread started: basic-performance-test-ThreadStarter 1-9
2019-08-29 09:03:15,821 INFO o.a.j.t.JMeterThread: Thread started: basic-performance-test-ThreadStarter 1-10
2019-08-29 09:03:27,077 INFO o.a.j.JMeter: Command: Shutdown received from /127.0.0.1
2019-08-29 09:03:27,079 WARN o.a.j.t.JMeterThread: The delay timer was interrupted - probably did not wait as long as intended.
2019-08-29 09:03:27,079 WARN o.a.j.t.JMeterThread: The delay timer was interrupted - probably did not wait as long as intended.
2019-08-29 09:03:27,079 WARN o.a.j.t.JMeterThread: The delay timer was interrupted - probably did not wait as long as intended.
2019-08-29 09:03:27,079 INFO c.b.j.t.c.ConcurrencyThreadStarter: Done supplying threads
2019-08-29 09:03:27,079 WARN o.a.j.t.JMeterThread: The delay timer was interrupted - probably did not wait as long as intended.
2019-08-29 09:03:27,079 WARN o.a.j.t.JMeterThread: The delay timer was interrupted - probably did not wait as long as intended.
2019-08-29 09:03:27,079 WARN o.a.j.t.JMeterThread: The delay timer was interrupted - probably did not wait as long as intended.
2019-08-29 09:03:27,079 WARN o.a.j.t.JMeterThread: The delay timer was interrupted - probably did not wait as long as intended.
2019-08-29 09:03:27,079 WARN o.a.j.t.JMeterThread: The delay timer was interrupted - probably did not wait as long as intended.
2019-08-29 09:03:27,079 WARN o.a.j.t.JMeterThread: The delay timer was interrupted - probably did not wait as long as intended.
2019-08-29 09:03:27,079 WARN o.a.j.t.JMeterThread: The delay timer was interrupted - probably did not wait as long as intended.
2019-08-29 09:03:27,101 INFO o.a.j.t.JMeterThread: Thread is done: basic-performance-test-ThreadStarter 1-6
2019-08-29 09:03:27,101 INFO o.a.j.t.JMeterThread: Thread finished: basic-performance-test-ThreadStarter 1-6
2019-08-29 09:03:27,121 INFO o.a.j.t.JMeterThread: Thread is done: basic-performance-test-ThreadStarter 1-8
2019-08-29 09:03:27,121 INFO o.a.j.t.JMeterThread: Thread finished: basic-performance-test-ThreadStarter 1-8
2019-08-29 09:03:27,122 INFO o.a.j.t.JMeterThread: Thread is done: basic-performance-test-ThreadStarter 1-2
2019-08-29 09:03:27,122 INFO o.a.j.t.JMeterThread: Thread finished: basic-performance-test-ThreadStarter 1-2
2019-08-29 09:03:27,130 INFO o.a.j.t.JMeterThread: Thread is done: basic-performance-test-ThreadStarter 1-5
2019-08-29 09:03:27,130 INFO o.a.j.t.JMeterThread: Thread finished: basic-performance-test-ThreadStarter 1-5
2019-08-29 09:03:27,130 INFO o.a.j.t.JMeterThread: Thread is done: basic-performance-test-ThreadStarter 1-10
2019-08-29 09:03:27,131 INFO o.a.j.t.JMeterThread: Thread finished: basic-performance-test-ThreadStarter 1-10
2019-08-29 09:03:27,131 INFO o.a.j.t.JMeterThread: Thread is done: basic-performance-test-ThreadStarter 1-1
2019-08-29 09:03:27,131 INFO o.a.j.t.JMeterThread: Thread finished: basic-performance-test-ThreadStarter 1-1
2019-08-29 09:03:27,132 INFO o.a.j.e.StandardJMeterEngine: Notifying test listeners of end of test
2019-08-29 09:03:27,133 INFO o.a.j.e.StandardJMeterEngine: Forced JVM shutdown requested at end of test
2019-08-29 09:03:27,133 INFO o.a.j.t.JMeterThread: Thread is done: basic-performance-test-ThreadStarter 1-7
2019-08-29 09:03:27,134 INFO o.a.j.t.JMeterThread: Thread is done: basic-performance-test-ThreadStarter 1-9
2019-08-29 09:03:27,134 INFO o.a.j.t.JMeterThread: Thread finished: basic-performance-test-ThreadStarter 1-7
2019-08-29 09:03:27,134 INFO o.a.j.t.JMeterThread: Thread is done: basic-performance-test-ThreadStarter 1-3
2019-08-29 09:03:27,134 INFO o.a.j.t.JMeterThread: Thread finished: basic-performance-test-ThreadStarter 1-9
2019-08-29 09:03:27,134 INFO o.a.j.t.JMeterThread: Thread finished: basic-performance-test-ThreadStarter 1-3
