2019-08-29 09:03:33,828 INFO o.a.j.u.JMeterUtils: Setting Locale to en_US
2019-08-29 09:03:33,847 INFO o.a.j.JMeter: Loading user properties from: /Users/tbuchanan/.bzt/jmeter-taurus/5.1.1/bin/user.properties
2019-08-29 09:03:33,848 INFO o.a.j.JMeter: Loading system properties from: /Users/tbuchanan/.bzt/jmeter-taurus/5.1.1/bin/system.properties
2019-08-29 09:03:33,848 INFO o.a.j.JMeter: Loading additional properties from: /Users/tbuchanan/IdeaProjects/tealidragon/e2e-automation-pipeline/2019-08-29_09-03-29.873020/jmeter-bzt.properties
2019-08-29 09:03:33,848 INFO o.a.j.JMeter: Setting System properties from file: /Users/tbuchanan/IdeaProjects/tealidragon/e2e-automation-pipeline/2019-08-29_09-03-29.873020/system.properties
2019-08-29 09:03:33,854 INFO o.a.j.JMeter: Copyright (c) 1998-2019 The Apache Software Foundation
2019-08-29 09:03:33,854 INFO o.a.j.JMeter: Version 5.1.1 r1855137
2019-08-29 09:03:33,855 INFO o.a.j.JMeter: java.version=1.8.0_221
2019-08-29 09:03:33,855 INFO o.a.j.JMeter: java.vm.name=Java HotSpot(TM) 64-Bit Server VM
2019-08-29 09:03:33,855 INFO o.a.j.JMeter: os.name=Mac OS X
2019-08-29 09:03:33,855 INFO o.a.j.JMeter: os.arch=x86_64
2019-08-29 09:03:33,855 INFO o.a.j.JMeter: os.version=10.14.6
2019-08-29 09:03:33,855 INFO o.a.j.JMeter: file.encoding=UTF-8
2019-08-29 09:03:33,855 INFO o.a.j.JMeter: java.awt.headless=true
2019-08-29 09:03:33,855 INFO o.a.j.JMeter: Max memory     =3817865216
2019-08-29 09:03:33,855 INFO o.a.j.JMeter: Available Processors =8
2019-08-29 09:03:33,859 INFO o.a.j.JMeter: Default Locale=English (United States)
2019-08-29 09:03:33,859 INFO o.a.j.JMeter: JMeter  Locale=English (United States)
2019-08-29 09:03:33,859 INFO o.a.j.JMeter: JMeterHome=/Users/tbuchanan/.bzt/jmeter-taurus/5.1.1
2019-08-29 09:03:33,859 INFO o.a.j.JMeter: user.dir  =/Users/tbuchanan/IdeaProjects/tealidragon/e2e-automation-pipeline
2019-08-29 09:03:33,860 INFO o.a.j.JMeter: PWD       =/Users/tbuchanan/IdeaProjects/tealidragon/e2e-automation-pipeline
2019-08-29 09:03:33,861 INFO o.a.j.JMeter: IP: 10.15.45.41 Name: tbuchanans-mbp.overstock.com FullName: tbuchanans-mbp.overstock.com
2019-08-29 09:03:33,861 INFO o.a.j.JMeter: user.classpath=/Users/tbuchanan/IdeaProjects/tealidragon/e2e-automation-pipeline/2019-08-29_09-03-29.873020:/Users/tbuchanan/IdeaProjects/tealidragon/e2e-automation-pipeline/2019-08-29_09-03-29.873020
2019-08-29 09:03:33,861 INFO o.a.j.JMeter: Adding to classpath and loader: /Users/tbuchanan/IdeaProjects/tealidragon/e2e-automation-pipeline/2019-08-29_09-03-29.873020
2019-08-29 09:03:33,862 INFO o.a.j.JMeter: Adding to classpath and loader: /Users/tbuchanan/IdeaProjects/tealidragon/e2e-automation-pipeline/2019-08-29_09-03-29.873020
2019-08-29 09:03:33,866 INFO o.a.j.s.FileServer: Default base='/Users/tbuchanan/IdeaProjects/tealidragon/e2e-automation-pipeline'
2019-08-29 09:03:33,870 INFO o.a.j.s.FileServer: Set new base='/Users/tbuchanan/IdeaProjects/tealidragon/e2e-automation-pipeline/2019-08-29_09-03-29.873020'
2019-08-29 09:03:33,998 INFO o.a.j.s.SaveService: Testplan (JMX) version: 2.2. Testlog (JTL) version: 2.2
2019-08-29 09:03:34,015 INFO o.a.j.s.SaveService: Using SaveService properties file encoding UTF-8
2019-08-29 09:03:34,019 INFO o.a.j.s.SaveService: Using SaveService properties version 5.0
2019-08-29 09:03:34,024 INFO o.a.j.s.SaveService: Loading file: /Users/tbuchanan/IdeaProjects/tealidragon/e2e-automation-pipeline/2019-08-29_09-03-29.873020/modified_requests.jmx
2019-08-29 09:03:34,069 INFO o.a.j.p.h.c.CacheManager: Will only cache the following methods: [GET]
2019-08-29 09:03:34,071 INFO o.a.j.p.h.c.CookieManager: Settings: Delete null: true Check: true Allow variable: true Save: false Prefix: COOKIE_
2019-08-29 09:03:34,083 INFO o.a.j.p.h.s.HTTPSamplerBase: Parser for text/html is org.apache.jmeter.protocol.http.parser.LagartoBasedHtmlParser
2019-08-29 09:03:34,083 INFO o.a.j.p.h.s.HTTPSamplerBase: Parser for application/xhtml+xml is org.apache.jmeter.protocol.http.parser.LagartoBasedHtmlParser
2019-08-29 09:03:34,083 INFO o.a.j.p.h.s.HTTPSamplerBase: Parser for application/xml is org.apache.jmeter.protocol.http.parser.LagartoBasedHtmlParser
2019-08-29 09:03:34,084 INFO o.a.j.p.h.s.HTTPSamplerBase: Parser for text/xml is org.apache.jmeter.protocol.http.parser.LagartoBasedHtmlParser
2019-08-29 09:03:34,084 INFO o.a.j.p.h.s.HTTPSamplerBase: Parser for text/vnd.wap.wml is org.apache.jmeter.protocol.http.parser.RegexpHTMLParser
2019-08-29 09:03:34,084 INFO o.a.j.p.h.s.HTTPSamplerBase: Parser for text/css is org.apache.jmeter.protocol.http.parser.CssParser
2019-08-29 09:03:34,108 INFO o.a.j.e.StandardJMeterEngine: Running the test!
2019-08-29 09:03:34,109 INFO o.a.j.s.SampleEvent: List of sample_variables: []
2019-08-29 09:03:34,109 INFO o.a.j.s.SampleEvent: List of sample_variables: []
2019-08-29 09:03:34,117 INFO o.a.j.e.u.CompoundVariable: Note: Function class names must contain the string: '.functions.'
2019-08-29 09:03:34,117 INFO o.a.j.e.u.CompoundVariable: Note: Function class names must not contain the string: '.gui.'
2019-08-29 09:03:34,465 INFO o.a.j.JMeter: Running test (1567091014465)
2019-08-29 09:03:34,524 INFO o.a.j.e.StandardJMeterEngine: Starting ThreadGroup: 1 : basic-performance-test
2019-08-29 09:03:34,524 INFO o.a.j.e.StandardJMeterEngine: Starting 10 threads for group basic-performance-test.
2019-08-29 09:03:34,524 INFO o.a.j.e.StandardJMeterEngine: Thread will continue on error
2019-08-29 09:03:34,527 INFO o.a.j.e.StandardJMeterEngine: All thread groups have been started
2019-08-29 09:03:34,528 INFO c.b.j.t.c.ConcurrencyThreadStarter: Start supplying threads
2019-08-29 09:03:37,543 INFO o.a.j.s.SampleResult: Note: Sample TimeStamps are START times
2019-08-29 09:03:37,544 INFO o.a.j.s.SampleResult: sampleresult.default.encoding is set to UTF-8
2019-08-29 09:03:37,544 INFO o.a.j.s.SampleResult: sampleresult.useNanoTime=true
2019-08-29 09:03:37,544 INFO o.a.j.s.SampleResult: sampleresult.nanoThreadSleep=5000
2019-08-29 09:03:37,544 INFO o.a.j.t.JMeterThread: Thread started: basic-performance-test-ThreadStarter 1-1
2019-08-29 09:03:38,318 INFO o.a.j.p.h.s.HTTPHCAbstractImpl: Local host = tbuchanans-mbp.overstock.com
2019-08-29 09:03:38,324 INFO o.a.j.p.h.s.HTTPHC4Impl: HTTP request retry count = 0
2019-08-29 09:03:39,314 INFO o.a.j.u.JsseSSLManager: Using default SSL protocol: TLS
2019-08-29 09:03:39,315 INFO o.a.j.u.JsseSSLManager: SSL session context: per-thread
2019-08-29 09:03:43,562 INFO o.a.j.t.JMeterThread: Thread started: basic-performance-test-ThreadStarter 1-2
2019-08-29 09:03:49,583 INFO o.a.j.t.JMeterThread: Thread started: basic-performance-test-ThreadStarter 1-3
2019-08-29 09:03:55,601 INFO o.a.j.t.JMeterThread: Thread started: basic-performance-test-ThreadStarter 1-4
2019-08-29 09:04:01,614 INFO o.a.j.t.JMeterThread: Thread started: basic-performance-test-ThreadStarter 1-5
2019-08-29 09:04:07,642 INFO o.a.j.t.JMeterThread: Thread started: basic-performance-test-ThreadStarter 1-6
2019-08-29 09:04:13,658 INFO o.a.j.t.JMeterThread: Thread started: basic-performance-test-ThreadStarter 1-7
2019-08-29 09:04:19,674 INFO o.a.j.t.JMeterThread: Thread started: basic-performance-test-ThreadStarter 1-8
2019-08-29 09:04:25,692 INFO o.a.j.t.JMeterThread: Thread started: basic-performance-test-ThreadStarter 1-9
2019-08-29 09:04:31,706 INFO o.a.j.t.JMeterThread: Thread started: basic-performance-test-ThreadStarter 1-10
2019-08-29 09:06:04,926 INFO c.b.j.t.c.ConcurrencyThreadStarter: Done supplying threads
2019-08-29 09:06:05,501 INFO o.a.j.t.JMeterThread: Thread is done: basic-performance-test-ThreadStarter 1-5
2019-08-29 09:06:05,501 INFO o.a.j.t.JMeterThread: Thread finished: basic-performance-test-ThreadStarter 1-5
2019-08-29 09:06:05,502 INFO o.a.j.t.JMeterThread: Thread is done: basic-performance-test-ThreadStarter 1-3
2019-08-29 09:06:05,503 INFO o.a.j.t.JMeterThread: Thread finished: basic-performance-test-ThreadStarter 1-3
2019-08-29 09:06:05,507 INFO o.a.j.t.JMeterThread: Thread is done: basic-performance-test-ThreadStarter 1-7
2019-08-29 09:06:05,507 INFO o.a.j.t.JMeterThread: Thread finished: basic-performance-test-ThreadStarter 1-7
2019-08-29 09:06:05,507 INFO o.a.j.t.JMeterThread: Thread is done: basic-performance-test-ThreadStarter 1-9
2019-08-29 09:06:05,507 INFO o.a.j.t.JMeterThread: Thread finished: basic-performance-test-ThreadStarter 1-9
2019-08-29 09:06:05,508 INFO o.a.j.t.JMeterThread: Thread is done: basic-performance-test-ThreadStarter 1-10
2019-08-29 09:06:05,508 INFO o.a.j.t.JMeterThread: Thread finished: basic-performance-test-ThreadStarter 1-10
2019-08-29 09:06:05,510 INFO o.a.j.t.JMeterThread: Thread is done: basic-performance-test-ThreadStarter 1-2
2019-08-29 09:06:05,510 INFO o.a.j.t.JMeterThread: Thread finished: basic-performance-test-ThreadStarter 1-2
2019-08-29 09:06:05,513 INFO o.a.j.t.JMeterThread: Thread is done: basic-performance-test-ThreadStarter 1-1
2019-08-29 09:06:05,513 INFO o.a.j.t.JMeterThread: Thread finished: basic-performance-test-ThreadStarter 1-1
2019-08-29 09:06:05,516 INFO o.a.j.t.JMeterThread: Thread is done: basic-performance-test-ThreadStarter 1-8
2019-08-29 09:06:05,517 INFO o.a.j.t.JMeterThread: Thread finished: basic-performance-test-ThreadStarter 1-8
2019-08-29 09:06:05,516 INFO o.a.j.t.JMeterThread: Thread is done: basic-performance-test-ThreadStarter 1-4
2019-08-29 09:06:05,517 INFO o.a.j.t.JMeterThread: Thread finished: basic-performance-test-ThreadStarter 1-4
2019-08-29 09:06:05,523 INFO o.a.j.t.JMeterThread: Thread is done: basic-performance-test-ThreadStarter 1-6
2019-08-29 09:06:05,523 INFO o.a.j.t.JMeterThread: Thread finished: basic-performance-test-ThreadStarter 1-6
2019-08-29 09:06:05,523 INFO o.a.j.e.StandardJMeterEngine: Notifying test listeners of end of test
2019-08-29 09:06:05,525 INFO o.a.j.e.StandardJMeterEngine: Forced JVM shutdown requested at end of test
