[2019-08-29 08:58:02,382 INFO root] Taurus CLI Tool v1.13.8
[2019-08-29 08:58:02,382 DEBUG root] Command-line options: {'verbose': None, 'no_system_configs': None, 'quiet': None, 'log': '/var/folders/_g/j6jw1prj0413v459hxzm19vr0000gp/T/bzt_tN4WRw.log', 'option': None, 'aliases': []}
[2019-08-29 08:58:02,383 DEBUG root] Python: CPython 2.7.16
[2019-08-29 08:58:02,383 DEBUG root] OS: ('Darwin', 'tbuchanans-mbp.overstock.com', '18.7.0', 'Darwin Kernel Version 18.7.0: Tue Aug 20 16:57:14 PDT 2019; root:xnu-4903.271.2~2/RELEASE_X86_64', 'x86_64', 'i386')
[2019-08-29 08:58:02,383 INFO root] Starting with configs: ['src/test/java/performance/EarlyAccessPerformanceTest.yml']
[2019-08-29 08:58:02,383 DEBUG root] Using personal config: /Users/tbuchanan/.bzt-rc
[2019-08-29 08:58:02,383 INFO Engine] Configuring...
[2019-08-29 08:58:02,404 DEBUG Engine] Base configs list: [u'/usr/local/lib/python2.7/site-packages/bzt/resources/10-base-config.yml']
[2019-08-29 08:58:02,404 DEBUG Engine.Configuration] Configs: [u'/usr/local/lib/python2.7/site-packages/bzt/resources/10-base-config.yml']
[2019-08-29 08:58:02,404 DEBUG Engine.Configuration] Reading /usr/local/lib/python2.7/site-packages/bzt/resources/10-base-config.yml as YAML
[2019-08-29 08:58:02,428 DEBUG Engine] User configs list: ['/Users/tbuchanan/.bzt-rc', 'src/test/java/performance/EarlyAccessPerformanceTest.yml']
[2019-08-29 08:58:02,428 DEBUG Engine.Configuration] Configs: ['/Users/tbuchanan/.bzt-rc', 'src/test/java/performance/EarlyAccessPerformanceTest.yml']
[2019-08-29 08:58:02,429 DEBUG Engine.Configuration] Reading /Users/tbuchanan/.bzt-rc as YAML
[2019-08-29 08:58:02,434 DEBUG Engine.Configuration] Reading src/test/java/performance/EarlyAccessPerformanceTest.yml as YAML
[2019-08-29 08:58:02,436 DEBUG Engine.Configuration] Configs: ['/Users/tbuchanan/.bzt-rc', 'src/test/java/performance/EarlyAccessPerformanceTest.yml']
[2019-08-29 08:58:02,437 DEBUG Engine.Configuration] Reading /Users/tbuchanan/.bzt-rc as YAML
[2019-08-29 08:58:02,441 DEBUG Engine.Configuration] Reading src/test/java/performance/EarlyAccessPerformanceTest.yml as YAML
[2019-08-29 08:58:02,453 DEBUG Engine] Requesting updates info: https://gettaurus.org/updates/?version=1.13.8&installID=macos-8c8590caf493
[2019-08-29 08:58:02,453 DEBUG HTTPClient] Making HTTP request GET https://gettaurus.org/updates/?version=1.13.8&installID=macos-8c8590caf493
[2019-08-29 08:58:02,454 INFO Engine] Artifacts dir: /Users/tbuchanan/IdeaProjects/tealidragon/e2e-automation-pipeline/2019-08-29_08-58-02.453310
[2019-08-29 08:58:02,459 DEBUG Engine] New artifact filename: /Users/tbuchanan/IdeaProjects/tealidragon/e2e-automation-pipeline/2019-08-29_08-58-02.453310/effective
[2019-08-29 08:58:02,461 DEBUG Engine.Configuration] Dumping YAML config into /Users/tbuchanan/IdeaProjects/tealidragon/e2e-automation-pipeline/2019-08-29_08-58-02.453310/effective.yml
[2019-08-29 08:58:02,480 DEBUG Engine.Configuration] Dumping JSON config into /Users/tbuchanan/IdeaProjects/tealidragon/e2e-automation-pipeline/2019-08-29_08-58-02.453310/effective.json
[2019-08-29 08:58:02,481 DEBUG Engine] New artifact filename: /Users/tbuchanan/IdeaProjects/tealidragon/e2e-automation-pipeline/2019-08-29_08-58-02.453310/merged.yml
[2019-08-29 08:58:02,481 DEBUG Engine.Configuration] Dumping YAML config into /Users/tbuchanan/IdeaProjects/tealidragon/e2e-automation-pipeline/2019-08-29_08-58-02.453310/merged.yml
[2019-08-29 08:58:02,483 DEBUG Engine] New artifact filename: /Users/tbuchanan/IdeaProjects/tealidragon/e2e-automation-pipeline/2019-08-29_08-58-02.453310/merged.json
[2019-08-29 08:58:02,483 DEBUG Engine.Configuration] Dumping JSON config into /Users/tbuchanan/IdeaProjects/tealidragon/e2e-automation-pipeline/2019-08-29_08-58-02.453310/merged.json
[2019-08-29 08:58:02,483 DEBUG Engine] Add existing artifact (move=False): src/test/java/performance/EarlyAccessPerformanceTest.yml
[2019-08-29 08:58:02,483 DEBUG Engine] Copying src/test/java/performance/EarlyAccessPerformanceTest.yml to /Users/tbuchanan/IdeaProjects/tealidragon/e2e-automation-pipeline/2019-08-29_08-58-02.453310/EarlyAccessPerformanceTest.yml
[2019-08-29 08:58:02,484 DEBUG root] Closing log handler: /var/folders/_g/j6jw1prj0413v459hxzm19vr0000gp/T/bzt_tN4WRw.log
[2019-08-29 08:58:02,485 DEBUG root] Switched writing logs to /Users/tbuchanan/IdeaProjects/tealidragon/e2e-automation-pipeline/2019-08-29_08-58-02.453310/bzt.log
[2019-08-29 08:58:02,485 DEBUG root] Linting config
[2019-08-29 08:58:02,487 INFO Engine] Preparing...
[2019-08-29 08:58:02,487 DEBUG Engine] Module config: consolidator {'class': u'bzt.modules.aggregator.ConsolidatingAggregator'}
[2019-08-29 08:58:02,487 DEBUG root] Importing module: bzt.modules.aggregator
[2019-08-29 08:58:02,728 DEBUG root] Loading class: 'ConsolidatingAggregator' from <module 'bzt.modules.aggregator' from '/usr/local/lib/python2.7/site-packages/bzt/modules/aggregator.pyc'>
[2019-08-29 08:58:02,729 DEBUG Engine.consolidator] Buffer scaling setup: percentile 95.0 from [0.0, 50.0, 90.0, 95.0, 99.0, 99.9, 100.0] selected
[2019-08-29 08:58:02,729 DEBUG urllib3.connectionpool] Starting new HTTPS connection (1): gettaurus.org:443
[2019-08-29 08:58:02,729 DEBUG Engine] Module config: monitoring {'class': u'bzt.modules.monitoring.Monitoring'}
[2019-08-29 08:58:02,729 DEBUG root] Importing module: bzt.modules.monitoring
[2019-08-29 08:58:02,733 DEBUG root] Loading class: 'Monitoring' from <module 'bzt.modules.monitoring' from '/usr/local/lib/python2.7/site-packages/bzt/modules/monitoring.pyc'>
[2019-08-29 08:58:02,733 DEBUG Engine] Module config: local {'class': u'bzt.modules.provisioning.Local'}
[2019-08-29 08:58:02,734 DEBUG root] Importing module: bzt.modules.provisioning
[2019-08-29 08:58:02,734 DEBUG root] Loading class: 'Local' from <module 'bzt.modules.provisioning' from '/usr/local/lib/python2.7/site-packages/bzt/modules/provisioning.pyc'>
[2019-08-29 08:58:02,734 DEBUG Engine] Module config: jmeter {'properties': {'jmeter.save.saveservice.autoflush': u'true', 'jmeter.save.saveservice.connect_time': u'true', 'summariser.name': u'', 'jmeterengine.force.system.exit': u'true'}, 'plugins': [u'jpgc-casutg', u'jpgc-dummy', u'jpgc-ffw', u'jpgc-fifo', u'jpgc-functions', u'jpgc-json', u'jpgc-perfmon', u'jpgc-prmctl', u'jpgc-tst'], 'class': u'bzt.modules.jmeter.JMeterExecutor', 'protocol-handlers': {'http': u'bzt.jmx.http.HTTPProtocolHandler'}}
[2019-08-29 08:58:02,734 DEBUG root] Importing module: bzt.modules.jmeter
[2019-08-29 08:58:02,750 DEBUG root] Loading class: 'JMeterExecutor' from <module 'bzt.modules.jmeter' from '/usr/local/lib/python2.7/site-packages/bzt/modules/jmeter.pyc'>
[2019-08-29 08:58:02,750 DEBUG Engine.local] Preparing executor: jmeter/4735886928
[2019-08-29 08:58:02,751 DEBUG Engine] New artifact filename: /Users/tbuchanan/IdeaProjects/tealidragon/e2e-automation-pipeline/2019-08-29_08-58-02.453310/jmeter.log
[2019-08-29 08:58:02,751 DEBUG Engine.jmeter] Checking if port 4445 is free
[2019-08-29 08:58:02,751 DEBUG Engine.jmeter] Port 4445 is free
[2019-08-29 08:58:02,751 DEBUG Engine.jmeter] Using port 4445 for management
[2019-08-29 08:58:02,752 DEBUG Engine] New artifact filename: /Users/tbuchanan/IdeaProjects/tealidragon/e2e-automation-pipeline/2019-08-29_08-58-02.453310/requests.jmx
[2019-08-29 08:58:02,754 DEBUG root] Importing module: bzt.jmx.http
[2019-08-29 08:58:02,755 DEBUG root] Loading class: 'HTTPProtocolHandler' from <module 'bzt.jmx.http' from '/usr/local/lib/python2.7/site-packages/bzt/jmx/http.pyc'>
[2019-08-29 08:58:02,757 DEBUG JMeterScenarioBuilder] Saving JMX to: /Users/tbuchanan/IdeaProjects/tealidragon/e2e-automation-pipeline/2019-08-29_08-58-02.453310/requests.jmx
[2019-08-29 08:58:02,757 DEBUG Engine.jmeter] Additional system properties {'sun.net.inetaddr.ttl': 0}
[2019-08-29 08:58:02,758 DEBUG Engine] New artifact filename: /Users/tbuchanan/IdeaProjects/tealidragon/e2e-automation-pipeline/2019-08-29_08-58-02.453310/system.properties
[2019-08-29 08:58:02,758 DEBUG Engine.jmeter] Additional properties: {'jmeter.save.saveservice.autoflush': u'true', 'jmeter.save.saveservice.connect_time': u'true', 'user.classpath': '/Users/tbuchanan/IdeaProjects/tealidragon/e2e-automation-pipeline/2019-08-29_08-58-02.453310:/Users/tbuchanan/IdeaProjects/tealidragon/e2e-automation-pipeline/2019-08-29_08-58-02.453310', 'sampleresult.default.encoding': 'UTF-8', 'summariser.name': u'', 'jmeterengine.force.system.exit': u'true', 'jmeter.save.saveservice.timestamp_format': 'ms', 'jmeterengine.nongui.maxport': 4445, 'jmeterengine.nongui.port': 4445}
[2019-08-29 08:58:02,758 DEBUG Engine] New artifact filename: /Users/tbuchanan/IdeaProjects/tealidragon/e2e-automation-pipeline/2019-08-29_08-58-02.453310/jmeter-bzt.properties
[2019-08-29 08:58:02,758 DEBUG Engine.jmeter.JavaVM] Trying JavaVM: ['java', '-version']
[2019-08-29 08:58:02,759 DEBUG root] Executing shell: ['java', '-version'] at .
[2019-08-29 08:58:02,868 DEBUG Engine.jmeter.JavaVM] JavaVM output: 
[2019-08-29 08:58:02,868 DEBUG Engine.jmeter.TclLibrary] We don't need to check tcl library on this platform
[2019-08-29 08:58:02,868 DEBUG Engine.jmeter.JMeter] Trying JMeter..
[2019-08-29 08:58:02,869 DEBUG root] Executing shell: ['/Users/tbuchanan/.bzt/jmeter-taurus/5.1.1/bin/jmeter.sh', '-j', '/var/folders/_g/j6jw1prj0413v459hxzm19vr0000gp/T/jmeterHgnfIhlog', '--version'] at .
[2019-08-29 08:58:03,149 DEBUG urllib3.connectionpool] https://gettaurus.org:443 "GET /updates/?version=1.13.8&installID=macos-8c8590caf493 HTTP/1.1" 200 40
[2019-08-29 08:58:03,150 DEBUG Engine] Taurus updates info: {u'needsUpgrade': False, u'latest': u'1.13.8'}
[2019-08-29 08:58:03,151 DEBUG Engine] Installation is up-to-date
[2019-08-29 08:58:04,165 DEBUG Engine.jmeter.JMeter] JMeter check:     _    ____   _    ____ _   _ _____       _ __  __ _____ _____ _____ ____     
   / \  |  _ \ / \  / ___| | | | ____|     | |  \/  | ____|_   _| ____|  _ \   
  / _ \ | |_) / _ \| |   | |_| |  _|    _  | | |\/| |  _|   | | |  _| | |_) | 
 / ___ \|  __/ ___ \ |___|  _  | |___  | |_| | |  | | |___  | | | |___|  _ <  
/_/   \_\_| /_/   \_\____|_| |_|_____|  \___/|_|  |_|_____| |_| |_____|_| \_\ 5.1.1 r1855137  

Copyright (c) 1999-2019 The Apache Software Foundation

 / 
[2019-08-29 08:58:04,170 DEBUG Engine] New artifact filename: /Users/tbuchanan/IdeaProjects/tealidragon/e2e-automation-pipeline/2019-08-29_08-58-02.453310/kpi.jtl
[2019-08-29 08:58:04,171 DEBUG Engine] New artifact filename: /Users/tbuchanan/IdeaProjects/tealidragon/e2e-automation-pipeline/2019-08-29_08-58-02.453310/error.jtl
[2019-08-29 08:58:04,172 DEBUG Engine.jmeter.LoadSettingsProcessor] Load: LoadSpec(concurrency=10, throughput=None, ramp_up=60.0, hold=90.0, iterations=0, duration=150.0, steps=None)
[2019-08-29 08:58:04,177 DEBUG Engine.jmeter.LoadSettingsProcessor.ThreadGroupHandler] Converting ThreadGroup (basic-performance-test) to ConcurrencyThreadGroup and apply load parameters
[2019-08-29 08:58:04,178 DEBUG Engine] New artifact filename: /Users/tbuchanan/IdeaProjects/tealidragon/e2e-automation-pipeline/2019-08-29_08-58-02.453310/modified_requests.jmx
[2019-08-29 08:58:04,178 DEBUG JMX] Saving JMX to: /Users/tbuchanan/IdeaProjects/tealidragon/e2e-automation-pipeline/2019-08-29_08-58-02.453310/modified_requests.jmx
[2019-08-29 08:58:04,179 DEBUG root] Executing shell: ['/Users/tbuchanan/.bzt/jmeter-taurus/5.1.1/bin/PluginsManagerCMD.sh', 'install-for-jmx', '/Users/tbuchanan/IdeaProjects/tealidragon/e2e-automation-pipeline/2019-08-29_08-58-02.453310/modified_requests.jmx'] at .
[2019-08-29 08:58:07,559 DEBUG Engine.jmeter.JMeter] Try to detect plugins for /Users/tbuchanan/IdeaProjects/tealidragon/e2e-automation-pipeline/2019-08-29_08-58-02.453310/modified_requests.jmx
2019-08-29 08:58:04,856 INFO o.j.r.PluginManagerCMD: Command is: install-for-jmx
2019-08-29 08:58:04,933 INFO o.j.r.JARSourceHTTP: Requesting https://jmeter-plugins.org/repo/?installID=mac_os_x-61feaf150afd48c8d6a521655a776c46-nongui
2019-08-29 08:58:06,719 INFO o.j.r.PluginManager: Plugins Status: [jpgc-functions=2.1, jpgc-casutg=2.9, jpgc-dummy=0.4, jpgc-ffw=2.0, jpgc-fifo=0.2, jpgc-json=2.7, jpgc-prmctl=0.4, jpgc-perfmon=2.1, jpgc-plugins-manager=1.3, jpgc-tst=2.5, jmeter-core=5.1.1, jmeter-ftp=5.1.1, jmeter-http=5.1.1, jmeter-jdbc=5.1.1, jmeter-jms=5.1.1, jmeter-junit=5.1.1, jmeter-java=5.1.1, jmeter-ldap=5.1.1, jmeter-mail=5.1.1, jmeter-mongodb=5.1.1, jmeter-native=5.1.1, jmeter-tcp=5.1.1, jmeter-components=5.1.1]
2019-08-29 08:58:06,722 INFO o.j.r.PluginManagerCMD: Params line is: /Users/tbuchanan/IdeaProjects/tealidragon/e2e-automation-pipeline/2019-08-29_08-58-02.453310/modified_requests.jmx
2019-08-29 08:58:07,011 INFO o.a.j.s.SaveService: Testplan (JMX) version: 2.2. Testlog (JTL) version: 2.2
2019-08-29 08:58:07,022 INFO o.a.j.s.SaveService: Using SaveService properties file encoding UTF-8
2019-08-29 08:58:07,028 INFO o.a.j.s.SaveService: Using SaveService properties version 5.0
2019-08-29 08:58:07,076 INFO o.a.j.p.h.c.CacheManager: Will only cache the following methods: [GET]
2019-08-29 08:58:07,081 INFO o.a.j.p.h.c.CookieManager: Settings: Delete null: true Check: true Allow variable: true Save: false Prefix: COOKIE_
2019-08-29 08:58:07,132 INFO o.a.j.p.h.s.HTTPSamplerBase: Parser for text/html is org.apache.jmeter.protocol.http.parser.LagartoBasedHtmlParser
2019-08-29 08:58:07,132 INFO o.a.j.p.h.s.HTTPSamplerBase: Parser for application/xhtml+xml is org.apache.jmeter.protocol.http.parser.LagartoBasedHtmlParser
2019-08-29 08:58:07,132 INFO o.a.j.p.h.s.HTTPSamplerBase: Parser for application/xml is org.apache.jmeter.protocol.http.parser.LagartoBasedHtmlParser
2019-08-29 08:58:07,132 INFO o.a.j.p.h.s.HTTPSamplerBase: Parser for text/xml is org.apache.jmeter.protocol.http.parser.LagartoBasedHtmlParser
2019-08-29 08:58:07,132 INFO o.a.j.p.h.s.HTTPSamplerBase: Parser for text/vnd.wap.wml is org.apache.jmeter.protocol.http.parser.RegexpHTMLParser
2019-08-29 08:58:07,134 INFO o.a.j.p.h.s.HTTPSamplerBase: Parser for text/css is org.apache.jmeter.protocol.http.parser.CssParser
2019-08-29 08:58:07,189 INFO o.j.r.PluginManager: Finishing without changes


[2019-08-29 08:58:07,560 DEBUG Engine] New artifact filename: /Users/tbuchanan/IdeaProjects/tealidragon/e2e-automation-pipeline/2019-08-29_08-58-02.453310/jmeter.out
[2019-08-29 08:58:07,560 DEBUG Engine] New artifact filename: /Users/tbuchanan/IdeaProjects/tealidragon/e2e-automation-pipeline/2019-08-29_08-58-02.453310/jmeter.err
[2019-08-29 08:58:07,562 DEBUG Engine] Module config: final-stats {'class': u'bzt.modules.reporting.FinalStatus'}
[2019-08-29 08:58:07,562 DEBUG root] Importing module: bzt.modules.reporting
[2019-08-29 08:58:07,599 DEBUG easyprocess] version=0.2.7
[2019-08-29 08:58:07,604 DEBUG pyvirtualdisplay] version=0.2.4
[2019-08-29 08:58:07,607 DEBUG root] Loading class: 'FinalStatus' from <module 'bzt.modules.reporting' from '/usr/local/lib/python2.7/site-packages/bzt/modules/reporting.pyc'>
[2019-08-29 08:58:07,608 DEBUG Engine] Module config: console {'class': u'bzt.modules.console.ConsoleStatusReporter'}
[2019-08-29 08:58:07,608 DEBUG root] Importing module: bzt.modules.console
[2019-08-29 08:58:07,608 DEBUG root] Loading class: 'ConsoleStatusReporter' from <module 'bzt.modules.console' from '/usr/local/lib/python2.7/site-packages/bzt/modules/console.pyc'>
[2019-08-29 08:58:07,614 DEBUG Engine.Configuration] Dumping YAML config into /Users/tbuchanan/IdeaProjects/tealidragon/e2e-automation-pipeline/2019-08-29_08-58-02.453310/effective.yml
[2019-08-29 08:58:07,633 DEBUG Engine.Configuration] Dumping JSON config into /Users/tbuchanan/IdeaProjects/tealidragon/e2e-automation-pipeline/2019-08-29_08-58-02.453310/effective.json
[2019-08-29 08:58:07,634 INFO Engine] Starting...
[2019-08-29 08:58:07,634 DEBUG Engine] Startup <bzt.modules.monitoring.Monitoring object at 0x11a43ef10>
[2019-08-29 08:58:07,634 DEBUG Engine] Startup <bzt.modules.aggregator.ConsolidatingAggregator object at 0x10e881e50>
[2019-08-29 08:58:07,635 DEBUG Engine] Startup <bzt.modules.reporting.FinalStatus object at 0x10e838d90>
[2019-08-29 08:58:07,635 DEBUG Engine] Startup <bzt.modules.console.ConsoleStatusReporter object at 0x11a51f5d0>
[2019-08-29 08:58:07,635 INFO Engine.console] Waiting for results...
[2019-08-29 08:58:07,635 DEBUG Engine] Startup <bzt.modules.provisioning.Local object at 0x10e8386d0>
[2019-08-29 08:58:07,635 DEBUG Engine.local] Delay setup for jmeter/basic-performance-test: 0(start-at) + 0(delay) = 0
[2019-08-29 08:58:07,637 DEBUG Engine.Configuration] Dumping YAML config into /Users/tbuchanan/IdeaProjects/tealidragon/e2e-automation-pipeline/2019-08-29_08-58-02.453310/effective.yml
[2019-08-29 08:58:07,659 DEBUG Engine.Configuration] Dumping JSON config into /Users/tbuchanan/IdeaProjects/tealidragon/e2e-automation-pipeline/2019-08-29_08-58-02.453310/effective.json
[2019-08-29 08:58:07,660 DEBUG root] Leveling down log file verbosity to INFO, use -v option to have DEBUG messages enabled
[2019-08-29 08:58:07,660 DEBUG root] Leveled up log file verbosity
[2019-08-29 08:58:07,661 DEBUG root] Executing shell: ['/Users/tbuchanan/.bzt/jmeter-taurus/5.1.1/bin/jmeter.sh', '-t', '/Users/tbuchanan/IdeaProjects/tealidragon/e2e-automation-pipeline/2019-08-29_08-58-02.453310/modified_requests.jmx', '-j', '/Users/tbuchanan/IdeaProjects/tealidragon/e2e-automation-pipeline/2019-08-29_08-58-02.453310/jmeter.log', '-q', '/Users/tbuchanan/IdeaProjects/tealidragon/e2e-automation-pipeline/2019-08-29_08-58-02.453310/jmeter-bzt.properties', '-n', '-S', '/Users/tbuchanan/IdeaProjects/tealidragon/e2e-automation-pipeline/2019-08-29_08-58-02.453310/system.properties'] at /Users/tbuchanan/IdeaProjects/tealidragon/e2e-automation-pipeline
[2019-08-29 08:58:07,674 DEBUG Engine.local] Starting execution: jmeter/basic-performance-test, rest of available slots: 9223372036854775806
[2019-08-29 08:58:07,675 DEBUG root] Leveling down log file verbosity to INFO, use -v option to have DEBUG messages enabled
[2019-08-29 08:58:07,898 INFO Engine.console] Waiting for finish...
[2019-08-29 08:58:17,717 INFO Engine.jmeter.JTLReader] Changed data analysis delay to 3s
[2019-08-29 08:58:33,752 INFO Engine.jmeter.JTLReader] Changed data analysis delay to 2s
[2019-08-29 09:01:24,384 WARNING Engine] Please wait for graceful shutdown...
[2019-08-29 09:01:24,393 DEBUG root] Leveled up log file verbosity
[2019-08-29 09:01:24,393 INFO Engine] Shutting down...
[2019-08-29 09:01:24,410 DEBUG Engine] Current stop reason: None
[2019-08-29 09:01:24,411 DEBUG Engine.local] Shutdown jmeter/basic-performance-test
[2019-08-29 09:01:24,412 DEBUG Engine.console] Restoring logging streams, [<logging.StreamHandler object at 0x10e82ec90>]/{<logging.StreamHandler object at 0x10e82ec90>: <open file '<stdout>', mode 'w' at 0x10d111150>}
[2019-08-29 09:01:24,416 DEBUG Engine.Configuration] Dumping YAML config into /Users/tbuchanan/IdeaProjects/tealidragon/e2e-automation-pipeline/2019-08-29_08-58-02.453310/effective.yml
[2019-08-29 09:01:24,463 DEBUG Engine.Configuration] Dumping JSON config into /Users/tbuchanan/IdeaProjects/tealidragon/e2e-automation-pipeline/2019-08-29_08-58-02.453310/effective.json
[2019-08-29 09:01:24,464 INFO Engine] Post-processing...
[2019-08-29 09:01:24,465 DEBUG Engine.local] Post-process jmeter/basic-performance-test
[2019-08-29 09:01:24,465 DEBUG Engine] Add existing artifact (move=True): /Users/tbuchanan/IdeaProjects/tealidragon/e2e-automation-pipeline/2019-08-29_08-58-02.453310/modified_requests.jmx
[2019-08-29 09:01:24,465 DEBUG Engine] No need to copy /Users/tbuchanan/IdeaProjects/tealidragon/e2e-automation-pipeline/2019-08-29_08-58-02.453310/modified_requests.jmx
[2019-08-29 09:01:24,465 DEBUG Engine.jmeter.JTLReader] Buffer len: 2; Known errors count: 0
[2019-08-29 09:01:24,466 DEBUG Engine.jmeter.JTLReader] Aggregating: 1567090838, 2 in buffer
[2019-08-29 09:01:24,466 DEBUG aggregator] Growing HDR from 24000.0 to 61000.0
[2019-08-29 09:01:24,471 DEBUG aggregator] Growing HDR from 61000.0 to 63000.0
[2019-08-29 09:01:24,472 DEBUG aggregator] Growing HDR from 24000.0 to 63000.0
[2019-08-29 09:01:24,477 DEBUG aggregator] Growing HDR from 24000.0 to 63000.0
[2019-08-29 09:01:24,484 DEBUG aggregator] Growing HDR from 24000.0 to 63000.0
[2019-08-29 09:01:24,493 DEBUG Engine.jmeter.JTLReader] Buffer len: 1; Known errors count: 0
[2019-08-29 09:01:24,557 DEBUG Engine.jmeter.JTLReader] Aggregating: 1567090839, 1 in buffer
[2019-08-29 09:01:24,558 DEBUG Engine.jmeter.JTLReader] Buffer len: 0; Known errors count: 0
[2019-08-29 09:01:24,558 DEBUG Engine.consolidator] Consolidator buffer[4]: [1567090836, 1567090837, 1567090838, 1567090839]
[2019-08-29 09:01:24,558 DEBUG Engine.consolidator] Merging into 1567090836
[2019-08-29 09:01:24,558 DEBUG Engine.consolidator] Bypassing consolidation because of single result
[2019-08-29 09:01:24,635 DEBUG Engine.consolidator] Processed datapoint: 1567090836/ConsolidatingAggregator@4538768976
[2019-08-29 09:01:24,635 DEBUG Engine.consolidator] Merging into 1567090837
[2019-08-29 09:01:24,635 DEBUG Engine.consolidator] Bypassing consolidation because of single result
[2019-08-29 09:01:24,684 DEBUG Engine.consolidator] Processed datapoint: 1567090837/ConsolidatingAggregator@4538768976
[2019-08-29 09:01:24,685 DEBUG Engine.consolidator] Merging into 1567090838
[2019-08-29 09:01:24,685 DEBUG Engine.consolidator] Bypassing consolidation because of single result
[2019-08-29 09:01:24,685 DEBUG aggregator] Growing HDR from 24000.0 to 63000.0
[2019-08-29 09:01:24,691 DEBUG aggregator] Growing HDR from 24000.0 to 63000.0
[2019-08-29 09:01:24,845 DEBUG Engine.consolidator] Processed datapoint: 1567090838/ConsolidatingAggregator@4538768976
[2019-08-29 09:01:24,845 DEBUG Engine.consolidator] Merging into 1567090839
[2019-08-29 09:01:24,845 DEBUG Engine.consolidator] Bypassing consolidation because of single result
[2019-08-29 09:01:24,924 DEBUG Engine.consolidator] Processed datapoint: 1567090839/ConsolidatingAggregator@4538768976
[2019-08-29 09:01:24,924 INFO Engine.final-stats] Test duration: 0:03:17
[2019-08-29 09:01:24,924 INFO Engine.final-stats] Samples count: 563, 0.00% failures
[2019-08-29 09:01:24,925 INFO Engine.final-stats] Average times: total 1.548, latency 0.376, connect 0.006
[2019-08-29 09:01:24,931 INFO Engine.final-stats] Percentiles:
(0lqqqqqqqqqqqqqqqwqqqqqqqqqqqqqqqk(B
(0x(B Percentile, % (0x(B Resp. Time, s (0x(B
(0tqqqqqqqqqqqqqqqnqqqqqqqqqqqqqqqu(B
(0x(B           0.0 (0x(B         0.766 (0x(B
(0x(B          50.0 (0x(B         1.053 (0x(B
(0x(B          90.0 (0x(B         1.075 (0x(B
(0x(B          95.0 (0x(B         1.124 (0x(B
(0x(B          99.0 (0x(B        23.136 (0x(B
(0x(B          99.9 (0x(B        62.144 (0x(B
(0x(B         100.0 (0x(B        62.144 (0x(B
(0mqqqqqqqqqqqqqqqvqqqqqqqqqqqqqqqj(B
[2019-08-29 09:01:24,935 INFO Engine.final-stats] Request label stats:
(0lqqqqqqqqqqqqqqqqqqqqqqqwqqqqqqqqwqqqqqqqqqwqqqqqqqqwqqqqqqqk(B
(0x(B label                 (0x(B status (0x(B    succ (0x(B avg_rt (0x(B error (0x(B
(0tqqqqqqqqqqqqqqqqqqqqqqqnqqqqqqqqnqqqqqqqqqnqqqqqqqqnqqqqqqqu(B
(0x(B http://blazedemo.com/ (0x(B   OK   (0x(B 100.00% (0x(B  1.548 (0x(B       (0x(B
(0mqqqqqqqqqqqqqqqqqqqqqqqvqqqqqqqqvqqqqqqqqqvqqqqqqqqvqqqqqqqj(B
[2019-08-29 09:01:24,935 DEBUG Engine.console] No logger_handler or orig_stream was detected
[2019-08-29 09:01:24,937 DEBUG Engine.Configuration] Dumping YAML config into /Users/tbuchanan/IdeaProjects/tealidragon/e2e-automation-pipeline/2019-08-29_08-58-02.453310/effective.yml
[2019-08-29 09:01:24,961 DEBUG Engine.Configuration] Dumping JSON config into /Users/tbuchanan/IdeaProjects/tealidragon/e2e-automation-pipeline/2019-08-29_08-58-02.453310/effective.json
[2019-08-29 09:01:24,962 INFO root] Artifacts dir: /Users/tbuchanan/IdeaProjects/tealidragon/e2e-automation-pipeline/2019-08-29_08-58-02.453310
[2019-08-29 09:01:24,962 INFO root] Done performing with code: 0
[2019-08-29 09:01:24,962 DEBUG root] Closing log handler: /Users/tbuchanan/IdeaProjects/tealidragon/e2e-automation-pipeline/2019-08-29_08-58-02.453310/bzt.log
