2019-08-29 08:58:08,593 INFO o.a.j.u.JMeterUtils: Setting Locale to en_US
2019-08-29 08:58:08,613 INFO o.a.j.JMeter: Loading user properties from: /Users/tbuchanan/.bzt/jmeter-taurus/5.1.1/bin/user.properties
2019-08-29 08:58:08,613 INFO o.a.j.JMeter: Loading system properties from: /Users/tbuchanan/.bzt/jmeter-taurus/5.1.1/bin/system.properties
2019-08-29 08:58:08,614 INFO o.a.j.JMeter: Loading additional properties from: /Users/tbuchanan/IdeaProjects/tealidragon/e2e-automation-pipeline/2019-08-29_08-58-02.453310/jmeter-bzt.properties
2019-08-29 08:58:08,614 INFO o.a.j.JMeter: Setting System properties from file: /Users/tbuchanan/IdeaProjects/tealidragon/e2e-automation-pipeline/2019-08-29_08-58-02.453310/system.properties
2019-08-29 08:58:08,618 INFO o.a.j.JMeter: Copyright (c) 1998-2019 The Apache Software Foundation
2019-08-29 08:58:08,623 INFO o.a.j.JMeter: Version 5.1.1 r1855137
2019-08-29 08:58:08,623 INFO o.a.j.JMeter: java.version=1.8.0_221
2019-08-29 08:58:08,624 INFO o.a.j.JMeter: java.vm.name=Java HotSpot(TM) 64-Bit Server VM
2019-08-29 08:58:08,624 INFO o.a.j.JMeter: os.name=Mac OS X
2019-08-29 08:58:08,624 INFO o.a.j.JMeter: os.arch=x86_64
2019-08-29 08:58:08,624 INFO o.a.j.JMeter: os.version=10.14.6
2019-08-29 08:58:08,624 INFO o.a.j.JMeter: file.encoding=UTF-8
2019-08-29 08:58:08,624 INFO o.a.j.JMeter: java.awt.headless=true
2019-08-29 08:58:08,624 INFO o.a.j.JMeter: Max memory     =3817865216
2019-08-29 08:58:08,624 INFO o.a.j.JMeter: Available Processors =8
2019-08-29 08:58:08,628 INFO o.a.j.JMeter: Default Locale=English (United States)
2019-08-29 08:58:08,628 INFO o.a.j.JMeter: JMeter  Locale=English (United States)
2019-08-29 08:58:08,628 INFO o.a.j.JMeter: JMeterHome=/Users/tbuchanan/.bzt/jmeter-taurus/5.1.1
2019-08-29 08:58:08,628 INFO o.a.j.JMeter: user.dir  =/Users/tbuchanan/IdeaProjects/tealidragon/e2e-automation-pipeline
2019-08-29 08:58:08,628 INFO o.a.j.JMeter: PWD       =/Users/tbuchanan/IdeaProjects/tealidragon/e2e-automation-pipeline
2019-08-29 08:58:08,630 INFO o.a.j.JMeter: IP: 10.15.45.41 Name: tbuchanans-mbp.overstock.com FullName: tbuchanans-mbp.overstock.com
2019-08-29 08:58:08,630 INFO o.a.j.JMeter: user.classpath=/Users/tbuchanan/IdeaProjects/tealidragon/e2e-automation-pipeline/2019-08-29_08-58-02.453310:/Users/tbuchanan/IdeaProjects/tealidragon/e2e-automation-pipeline/2019-08-29_08-58-02.453310
2019-08-29 08:58:08,630 INFO o.a.j.JMeter: Adding to classpath and loader: /Users/tbuchanan/IdeaProjects/tealidragon/e2e-automation-pipeline/2019-08-29_08-58-02.453310
2019-08-29 08:58:08,631 INFO o.a.j.JMeter: Adding to classpath and loader: /Users/tbuchanan/IdeaProjects/tealidragon/e2e-automation-pipeline/2019-08-29_08-58-02.453310
2019-08-29 08:58:08,634 INFO o.a.j.s.FileServer: Default base='/Users/tbuchanan/IdeaProjects/tealidragon/e2e-automation-pipeline'
2019-08-29 08:58:08,638 INFO o.a.j.s.FileServer: Set new base='/Users/tbuchanan/IdeaProjects/tealidragon/e2e-automation-pipeline/2019-08-29_08-58-02.453310'
2019-08-29 08:58:08,766 INFO o.a.j.s.SaveService: Testplan (JMX) version: 2.2. Testlog (JTL) version: 2.2
2019-08-29 08:58:08,781 INFO o.a.j.s.SaveService: Using SaveService properties file encoding UTF-8
2019-08-29 08:58:08,786 INFO o.a.j.s.SaveService: Using SaveService properties version 5.0
2019-08-29 08:58:08,791 INFO o.a.j.s.SaveService: Loading file: /Users/tbuchanan/IdeaProjects/tealidragon/e2e-automation-pipeline/2019-08-29_08-58-02.453310/modified_requests.jmx
2019-08-29 08:58:08,846 INFO o.a.j.p.h.c.CacheManager: Will only cache the following methods: [GET]
2019-08-29 08:58:08,847 INFO o.a.j.p.h.c.CookieManager: Settings: Delete null: true Check: true Allow variable: true Save: false Prefix: COOKIE_
2019-08-29 08:58:08,862 INFO o.a.j.p.h.s.HTTPSamplerBase: Parser for text/html is org.apache.jmeter.protocol.http.parser.LagartoBasedHtmlParser
2019-08-29 08:58:08,862 INFO o.a.j.p.h.s.HTTPSamplerBase: Parser for application/xhtml+xml is org.apache.jmeter.protocol.http.parser.LagartoBasedHtmlParser
2019-08-29 08:58:08,862 INFO o.a.j.p.h.s.HTTPSamplerBase: Parser for application/xml is org.apache.jmeter.protocol.http.parser.LagartoBasedHtmlParser
2019-08-29 08:58:08,862 INFO o.a.j.p.h.s.HTTPSamplerBase: Parser for text/xml is org.apache.jmeter.protocol.http.parser.LagartoBasedHtmlParser
2019-08-29 08:58:08,863 INFO o.a.j.p.h.s.HTTPSamplerBase: Parser for text/vnd.wap.wml is org.apache.jmeter.protocol.http.parser.RegexpHTMLParser
2019-08-29 08:58:08,863 INFO o.a.j.p.h.s.HTTPSamplerBase: Parser for text/css is org.apache.jmeter.protocol.http.parser.CssParser
2019-08-29 08:58:08,889 INFO o.a.j.e.StandardJMeterEngine: Running the test!
2019-08-29 08:58:08,889 INFO o.a.j.s.SampleEvent: List of sample_variables: []
2019-08-29 08:58:08,890 INFO o.a.j.s.SampleEvent: List of sample_variables: []
2019-08-29 08:58:08,895 INFO o.a.j.e.u.CompoundVariable: Note: Function class names must contain the string: '.functions.'
2019-08-29 08:58:08,895 INFO o.a.j.e.u.CompoundVariable: Note: Function class names must not contain the string: '.gui.'
2019-08-29 08:58:09,297 INFO o.a.j.JMeter: Running test (1567090689297)
2019-08-29 08:58:09,352 INFO o.a.j.e.StandardJMeterEngine: Starting ThreadGroup: 1 : basic-performance-test
2019-08-29 08:58:09,352 INFO o.a.j.e.StandardJMeterEngine: Starting 10 threads for group basic-performance-test.
2019-08-29 08:58:09,352 INFO o.a.j.e.StandardJMeterEngine: Thread will continue on error
2019-08-29 08:58:09,357 INFO o.a.j.e.StandardJMeterEngine: All thread groups have been started
2019-08-29 08:58:09,357 INFO c.b.j.t.c.ConcurrencyThreadStarter: Start supplying threads
2019-08-29 08:58:12,369 INFO o.a.j.s.SampleResult: Note: Sample TimeStamps are START times
2019-08-29 08:58:12,369 INFO o.a.j.s.SampleResult: sampleresult.default.encoding is set to UTF-8
2019-08-29 08:58:12,369 INFO o.a.j.s.SampleResult: sampleresult.useNanoTime=true
2019-08-29 08:58:12,369 INFO o.a.j.s.SampleResult: sampleresult.nanoThreadSleep=5000
2019-08-29 08:58:12,370 INFO o.a.j.t.JMeterThread: Thread started: basic-performance-test-ThreadStarter 1-1
2019-08-29 08:58:13,160 INFO o.a.j.p.h.s.HTTPHCAbstractImpl: Local host = tbuchanans-mbp.overstock.com
2019-08-29 08:58:13,167 INFO o.a.j.p.h.s.HTTPHC4Impl: HTTP request retry count = 0
2019-08-29 08:58:13,723 INFO o.a.j.p.h.p.BaseParser: Created org.apache.jmeter.protocol.http.parser.LagartoBasedHtmlParser
2019-08-29 08:58:13,811 INFO o.a.j.p.h.s.ResourcesDownloader: Creating ResourcesDownloader with keepalive_inseconds : 60
2019-08-29 08:58:14,403 INFO o.a.j.p.h.p.BaseParser: Created org.apache.jmeter.protocol.http.parser.CssParser
2019-08-29 08:58:15,689 INFO o.a.j.u.JsseSSLManager: Using default SSL protocol: TLS
2019-08-29 08:58:15,689 INFO o.a.j.u.JsseSSLManager: SSL session context: per-thread
2019-08-29 08:58:18,383 INFO o.a.j.t.JMeterThread: Thread started: basic-performance-test-ThreadStarter 1-2
2019-08-29 08:58:24,397 INFO o.a.j.t.JMeterThread: Thread started: basic-performance-test-ThreadStarter 1-3
2019-08-29 08:58:30,418 INFO o.a.j.t.JMeterThread: Thread started: basic-performance-test-ThreadStarter 1-4
2019-08-29 08:58:36,432 INFO o.a.j.t.JMeterThread: Thread started: basic-performance-test-ThreadStarter 1-5
2019-08-29 08:58:42,449 INFO o.a.j.t.JMeterThread: Thread started: basic-performance-test-ThreadStarter 1-6
2019-08-29 08:58:48,459 INFO o.a.j.t.JMeterThread: Thread started: basic-performance-test-ThreadStarter 1-7
2019-08-29 08:58:54,472 INFO o.a.j.t.JMeterThread: Thread started: basic-performance-test-ThreadStarter 1-8
2019-08-29 08:59:00,484 INFO o.a.j.t.JMeterThread: Thread started: basic-performance-test-ThreadStarter 1-9
2019-08-29 08:59:06,498 INFO o.a.j.t.JMeterThread: Thread started: basic-performance-test-ThreadStarter 1-10
2019-08-29 09:00:39,722 INFO c.b.j.t.c.ConcurrencyThreadStarter: Done supplying threads
2019-08-29 09:00:39,772 INFO o.a.j.t.JMeterThread: Thread is done: basic-performance-test-ThreadStarter 1-7
2019-08-29 09:00:39,772 INFO o.a.j.t.JMeterThread: Thread finished: basic-performance-test-ThreadStarter 1-7
2019-08-29 09:00:39,845 INFO o.a.j.t.JMeterThread: Thread is done: basic-performance-test-ThreadStarter 1-2
2019-08-29 09:00:39,845 INFO o.a.j.t.JMeterThread: Thread finished: basic-performance-test-ThreadStarter 1-2
2019-08-29 09:00:39,950 INFO o.a.j.t.JMeterThread: Thread is done: basic-performance-test-ThreadStarter 1-9
2019-08-29 09:00:39,950 INFO o.a.j.t.JMeterThread: Thread finished: basic-performance-test-ThreadStarter 1-9
2019-08-29 09:00:40,412 INFO o.a.j.t.JMeterThread: Thread is done: basic-performance-test-ThreadStarter 1-5
2019-08-29 09:00:40,412 INFO o.a.j.t.JMeterThread: Thread finished: basic-performance-test-ThreadStarter 1-5
2019-08-29 09:00:41,006 INFO o.a.j.t.JMeterThread: Thread is done: basic-performance-test-ThreadStarter 1-8
2019-08-29 09:00:41,006 INFO o.a.j.t.JMeterThread: Thread finished: basic-performance-test-ThreadStarter 1-8
2019-08-29 09:00:41,415 INFO o.a.j.t.JMeterThread: Thread is done: basic-performance-test-ThreadStarter 1-6
2019-08-29 09:00:41,415 INFO o.a.j.t.JMeterThread: Thread finished: basic-performance-test-ThreadStarter 1-6
2019-08-29 09:00:42,495 INFO o.a.j.t.JMeterThread: Thread is done: basic-performance-test-ThreadStarter 1-1
2019-08-29 09:00:42,495 INFO o.a.j.t.JMeterThread: Thread finished: basic-performance-test-ThreadStarter 1-1
2019-08-29 09:00:45,205 INFO o.a.j.t.JMeterThread: Thread is done: basic-performance-test-ThreadStarter 1-4
2019-08-29 09:00:45,205 INFO o.a.j.t.JMeterThread: Thread finished: basic-performance-test-ThreadStarter 1-4
2019-08-29 09:01:17,249 INFO o.a.j.t.JMeterThread: Thread is done: basic-performance-test-ThreadStarter 1-10
2019-08-29 09:01:17,254 INFO o.a.j.t.JMeterThread: Thread finished: basic-performance-test-ThreadStarter 1-10
2019-08-29 09:01:23,586 INFO o.a.j.t.JMeterThread: Thread is done: basic-performance-test-ThreadStarter 1-3
2019-08-29 09:01:23,586 INFO o.a.j.t.JMeterThread: Thread finished: basic-performance-test-ThreadStarter 1-3
2019-08-29 09:01:23,587 INFO o.a.j.e.StandardJMeterEngine: Notifying test listeners of end of test
2019-08-29 09:01:23,587 INFO o.a.j.e.StandardJMeterEngine: Forced JVM shutdown requested at end of test
