[2019-08-29 09:07:02,206 INFO root] Taurus CLI Tool v1.13.8
[2019-08-29 09:07:02,207 DEBUG root] Command-line options: {'verbose': None, 'no_system_configs': None, 'quiet': None, 'log': '/var/folders/_g/j6jw1prj0413v459hxzm19vr0000gp/T/bzt_ShkB8r.log', 'option': None, 'aliases': []}
[2019-08-29 09:07:02,207 DEBUG root] Python: CPython 2.7.16
[2019-08-29 09:07:02,207 DEBUG root] OS: ('Darwin', 'tbuchanans-mbp.overstock.com', '18.7.0', 'Darwin Kernel Version 18.7.0: Tue Aug 20 16:57:14 PDT 2019; root:xnu-4903.271.2~2/RELEASE_X86_64', 'x86_64', 'i386')
[2019-08-29 09:07:02,207 INFO root] Starting with configs: ['src/test/java/performance/EarlyAccessPerformanceTest.yml']
[2019-08-29 09:07:02,207 DEBUG root] Using personal config: /Users/tbuchanan/.bzt-rc
[2019-08-29 09:07:02,207 INFO Engine] Configuring...
[2019-08-29 09:07:02,230 DEBUG Engine] Base configs list: [u'/usr/local/lib/python2.7/site-packages/bzt/resources/10-base-config.yml']
[2019-08-29 09:07:02,230 DEBUG Engine.Configuration] Configs: [u'/usr/local/lib/python2.7/site-packages/bzt/resources/10-base-config.yml']
[2019-08-29 09:07:02,231 DEBUG Engine.Configuration] Reading /usr/local/lib/python2.7/site-packages/bzt/resources/10-base-config.yml as YAML
[2019-08-29 09:07:02,256 DEBUG Engine] User configs list: ['/Users/tbuchanan/.bzt-rc', 'src/test/java/performance/EarlyAccessPerformanceTest.yml']
[2019-08-29 09:07:02,256 DEBUG Engine.Configuration] Configs: ['/Users/tbuchanan/.bzt-rc', 'src/test/java/performance/EarlyAccessPerformanceTest.yml']
[2019-08-29 09:07:02,258 DEBUG Engine.Configuration] Reading /Users/tbuchanan/.bzt-rc as YAML
[2019-08-29 09:07:02,263 DEBUG Engine.Configuration] Reading src/test/java/performance/EarlyAccessPerformanceTest.yml as YAML
[2019-08-29 09:07:02,265 DEBUG Engine.Configuration] Configs: ['/Users/tbuchanan/.bzt-rc', 'src/test/java/performance/EarlyAccessPerformanceTest.yml']
[2019-08-29 09:07:02,266 DEBUG Engine.Configuration] Reading /Users/tbuchanan/.bzt-rc as YAML
[2019-08-29 09:07:02,270 DEBUG Engine.Configuration] Reading src/test/java/performance/EarlyAccessPerformanceTest.yml as YAML
[2019-08-29 09:07:02,280 DEBUG Engine] Requesting updates info: https://gettaurus.org/updates/?version=1.13.8&installID=macos-8c8590caf493
[2019-08-29 09:07:02,280 INFO Engine] Artifacts dir: /Users/tbuchanan/IdeaProjects/tealidragon/e2e-automation-pipeline/2019-08-29_09-07-02.280541
[2019-08-29 09:07:02,280 DEBUG HTTPClient] Making HTTP request GET https://gettaurus.org/updates/?version=1.13.8&installID=macos-8c8590caf493
[2019-08-29 09:07:02,287 DEBUG Engine] New artifact filename: /Users/tbuchanan/IdeaProjects/tealidragon/e2e-automation-pipeline/2019-08-29_09-07-02.280541/effective
[2019-08-29 09:07:02,291 DEBUG urllib3.connectionpool] Starting new HTTPS connection (1): gettaurus.org:443
[2019-08-29 09:07:02,291 DEBUG Engine.Configuration] Dumping YAML config into /Users/tbuchanan/IdeaProjects/tealidragon/e2e-automation-pipeline/2019-08-29_09-07-02.280541/effective.yml
[2019-08-29 09:07:02,316 DEBUG Engine.Configuration] Dumping JSON config into /Users/tbuchanan/IdeaProjects/tealidragon/e2e-automation-pipeline/2019-08-29_09-07-02.280541/effective.json
[2019-08-29 09:07:02,316 DEBUG Engine] New artifact filename: /Users/tbuchanan/IdeaProjects/tealidragon/e2e-automation-pipeline/2019-08-29_09-07-02.280541/merged.yml
[2019-08-29 09:07:02,317 DEBUG Engine.Configuration] Dumping YAML config into /Users/tbuchanan/IdeaProjects/tealidragon/e2e-automation-pipeline/2019-08-29_09-07-02.280541/merged.yml
[2019-08-29 09:07:02,318 DEBUG Engine] New artifact filename: /Users/tbuchanan/IdeaProjects/tealidragon/e2e-automation-pipeline/2019-08-29_09-07-02.280541/merged.json
[2019-08-29 09:07:02,319 DEBUG Engine.Configuration] Dumping JSON config into /Users/tbuchanan/IdeaProjects/tealidragon/e2e-automation-pipeline/2019-08-29_09-07-02.280541/merged.json
[2019-08-29 09:07:02,319 DEBUG Engine] Add existing artifact (move=False): src/test/java/performance/EarlyAccessPerformanceTest.yml
[2019-08-29 09:07:02,319 DEBUG Engine] Copying src/test/java/performance/EarlyAccessPerformanceTest.yml to /Users/tbuchanan/IdeaProjects/tealidragon/e2e-automation-pipeline/2019-08-29_09-07-02.280541/EarlyAccessPerformanceTest.yml
[2019-08-29 09:07:02,320 DEBUG root] Closing log handler: /var/folders/_g/j6jw1prj0413v459hxzm19vr0000gp/T/bzt_ShkB8r.log
[2019-08-29 09:07:02,321 DEBUG root] Switched writing logs to /Users/tbuchanan/IdeaProjects/tealidragon/e2e-automation-pipeline/2019-08-29_09-07-02.280541/bzt.log
[2019-08-29 09:07:02,321 DEBUG root] Linting config
[2019-08-29 09:07:02,323 INFO Engine] Preparing...
[2019-08-29 09:07:02,323 DEBUG Engine] Module config: consolidator {'class': u'bzt.modules.aggregator.ConsolidatingAggregator'}
[2019-08-29 09:07:02,323 DEBUG root] Importing module: bzt.modules.aggregator
[2019-08-29 09:07:02,475 DEBUG root] Loading class: 'ConsolidatingAggregator' from <module 'bzt.modules.aggregator' from '/usr/local/lib/python2.7/site-packages/bzt/modules/aggregator.pyc'>
[2019-08-29 09:07:02,476 DEBUG Engine.consolidator] Buffer scaling setup: percentile 95.0 from [0.0, 50.0, 90.0, 95.0, 99.0, 99.9, 100.0] selected
[2019-08-29 09:07:02,476 DEBUG Engine] Module config: monitoring {'class': u'bzt.modules.monitoring.Monitoring'}
[2019-08-29 09:07:02,476 DEBUG root] Importing module: bzt.modules.monitoring
[2019-08-29 09:07:02,479 DEBUG root] Loading class: 'Monitoring' from <module 'bzt.modules.monitoring' from '/usr/local/lib/python2.7/site-packages/bzt/modules/monitoring.pyc'>
[2019-08-29 09:07:02,479 DEBUG Engine] Module config: local {'class': u'bzt.modules.provisioning.Local'}
[2019-08-29 09:07:02,479 DEBUG root] Importing module: bzt.modules.provisioning
[2019-08-29 09:07:02,479 DEBUG root] Loading class: 'Local' from <module 'bzt.modules.provisioning' from '/usr/local/lib/python2.7/site-packages/bzt/modules/provisioning.pyc'>
[2019-08-29 09:07:02,480 DEBUG Engine] Module config: jmeter {'properties': {'jmeter.save.saveservice.autoflush': u'true', 'jmeter.save.saveservice.connect_time': u'true', 'summariser.name': u'', 'jmeterengine.force.system.exit': u'true'}, 'plugins': [u'jpgc-casutg', u'jpgc-dummy', u'jpgc-ffw', u'jpgc-fifo', u'jpgc-functions', u'jpgc-json', u'jpgc-perfmon', u'jpgc-prmctl', u'jpgc-tst'], 'class': u'bzt.modules.jmeter.JMeterExecutor', 'protocol-handlers': {'http': u'bzt.jmx.http.HTTPProtocolHandler'}}
[2019-08-29 09:07:02,480 DEBUG root] Importing module: bzt.modules.jmeter
[2019-08-29 09:07:02,495 DEBUG root] Loading class: 'JMeterExecutor' from <module 'bzt.modules.jmeter' from '/usr/local/lib/python2.7/site-packages/bzt/modules/jmeter.pyc'>
[2019-08-29 09:07:02,495 DEBUG Engine.local] Preparing executor: jmeter/4652058192
[2019-08-29 09:07:02,495 DEBUG Engine] New artifact filename: /Users/tbuchanan/IdeaProjects/tealidragon/e2e-automation-pipeline/2019-08-29_09-07-02.280541/jmeter.log
[2019-08-29 09:07:02,495 DEBUG Engine.jmeter] Checking if port 4445 is free
[2019-08-29 09:07:02,496 DEBUG Engine.jmeter] Port 4445 is free
[2019-08-29 09:07:02,496 DEBUG Engine.jmeter] Using port 4445 for management
[2019-08-29 09:07:02,497 DEBUG Engine] New artifact filename: /Users/tbuchanan/IdeaProjects/tealidragon/e2e-automation-pipeline/2019-08-29_09-07-02.280541/requests.jmx
[2019-08-29 09:07:02,497 DEBUG root] Importing module: bzt.jmx.http
[2019-08-29 09:07:02,498 DEBUG root] Loading class: 'HTTPProtocolHandler' from <module 'bzt.jmx.http' from '/usr/local/lib/python2.7/site-packages/bzt/jmx/http.pyc'>
[2019-08-29 09:07:02,500 DEBUG JMeterScenarioBuilder] Saving JMX to: /Users/tbuchanan/IdeaProjects/tealidragon/e2e-automation-pipeline/2019-08-29_09-07-02.280541/requests.jmx
[2019-08-29 09:07:02,501 DEBUG Engine.jmeter] Additional system properties {'sun.net.inetaddr.ttl': 0}
[2019-08-29 09:07:02,501 DEBUG Engine] New artifact filename: /Users/tbuchanan/IdeaProjects/tealidragon/e2e-automation-pipeline/2019-08-29_09-07-02.280541/system.properties
[2019-08-29 09:07:02,501 DEBUG Engine.jmeter] Additional properties: {'jmeter.save.saveservice.autoflush': u'true', 'jmeter.save.saveservice.connect_time': u'true', 'user.classpath': '/Users/tbuchanan/IdeaProjects/tealidragon/e2e-automation-pipeline/2019-08-29_09-07-02.280541:/Users/tbuchanan/IdeaProjects/tealidragon/e2e-automation-pipeline/2019-08-29_09-07-02.280541', 'sampleresult.default.encoding': 'UTF-8', 'summariser.name': u'', 'jmeterengine.force.system.exit': u'true', 'jmeter.save.saveservice.timestamp_format': 'ms', 'jmeterengine.nongui.maxport': 4445, 'jmeterengine.nongui.port': 4445}
[2019-08-29 09:07:02,501 DEBUG Engine] New artifact filename: /Users/tbuchanan/IdeaProjects/tealidragon/e2e-automation-pipeline/2019-08-29_09-07-02.280541/jmeter-bzt.properties
[2019-08-29 09:07:02,502 DEBUG Engine.jmeter.JavaVM] Trying JavaVM: ['java', '-version']
[2019-08-29 09:07:02,502 DEBUG root] Executing shell: ['java', '-version'] at .
[2019-08-29 09:07:02,603 DEBUG Engine.jmeter.JavaVM] JavaVM output: 
[2019-08-29 09:07:02,603 DEBUG Engine.jmeter.TclLibrary] We don't need to check tcl library on this platform
[2019-08-29 09:07:02,604 DEBUG Engine.jmeter.JMeter] Trying JMeter..
[2019-08-29 09:07:02,604 DEBUG root] Executing shell: ['/Users/tbuchanan/.bzt/jmeter-taurus/5.1.1/bin/jmeter.sh', '-j', '/var/folders/_g/j6jw1prj0413v459hxzm19vr0000gp/T/jmeter8p_9Rvlog', '--version'] at .
[2019-08-29 09:07:02,890 DEBUG urllib3.connectionpool] https://gettaurus.org:443 "GET /updates/?version=1.13.8&installID=macos-8c8590caf493 HTTP/1.1" 200 40
[2019-08-29 09:07:02,891 DEBUG Engine] Taurus updates info: {u'needsUpgrade': False, u'latest': u'1.13.8'}
[2019-08-29 09:07:02,891 DEBUG Engine] Installation is up-to-date
[2019-08-29 09:07:03,604 DEBUG Engine.jmeter.JMeter] JMeter check:     _    ____   _    ____ _   _ _____       _ __  __ _____ _____ _____ ____     
   / \  |  _ \ / \  / ___| | | | ____|     | |  \/  | ____|_   _| ____|  _ \   
  / _ \ | |_) / _ \| |   | |_| |  _|    _  | | |\/| |  _|   | | |  _| | |_) | 
 / ___ \|  __/ ___ \ |___|  _  | |___  | |_| | |  | | |___  | | | |___|  _ <  
/_/   \_\_| /_/   \_\____|_| |_|_____|  \___/|_|  |_|_____| |_| |_____|_| \_\ 5.1.1 r1855137  

Copyright (c) 1999-2019 The Apache Software Foundation

 / 
[2019-08-29 09:07:03,606 DEBUG Engine] New artifact filename: /Users/tbuchanan/IdeaProjects/tealidragon/e2e-automation-pipeline/2019-08-29_09-07-02.280541/kpi.jtl
[2019-08-29 09:07:03,607 DEBUG Engine] New artifact filename: /Users/tbuchanan/IdeaProjects/tealidragon/e2e-automation-pipeline/2019-08-29_09-07-02.280541/error.jtl
[2019-08-29 09:07:03,608 DEBUG Engine.jmeter.LoadSettingsProcessor] Load: LoadSpec(concurrency=10, throughput=None, ramp_up=60.0, hold=90.0, iterations=0, duration=150.0, steps=None)
[2019-08-29 09:07:03,609 DEBUG Engine.jmeter.LoadSettingsProcessor.ThreadGroupHandler] Converting ThreadGroup (basic-performance-test) to ConcurrencyThreadGroup and apply load parameters
[2019-08-29 09:07:03,609 DEBUG Engine] New artifact filename: /Users/tbuchanan/IdeaProjects/tealidragon/e2e-automation-pipeline/2019-08-29_09-07-02.280541/modified_requests.jmx
[2019-08-29 09:07:03,610 DEBUG JMX] Saving JMX to: /Users/tbuchanan/IdeaProjects/tealidragon/e2e-automation-pipeline/2019-08-29_09-07-02.280541/modified_requests.jmx
[2019-08-29 09:07:03,610 DEBUG root] Executing shell: ['/Users/tbuchanan/.bzt/jmeter-taurus/5.1.1/bin/PluginsManagerCMD.sh', 'install-for-jmx', '/Users/tbuchanan/IdeaProjects/tealidragon/e2e-automation-pipeline/2019-08-29_09-07-02.280541/modified_requests.jmx'] at .
[2019-08-29 09:07:05,366 DEBUG Engine.jmeter.JMeter] Try to detect plugins for /Users/tbuchanan/IdeaProjects/tealidragon/e2e-automation-pipeline/2019-08-29_09-07-02.280541/modified_requests.jmx
2019-08-29 09:07:04,293 INFO o.j.r.PluginManagerCMD: Command is: install-for-jmx
2019-08-29 09:07:04,403 INFO o.j.r.JARSourceHTTP: Found cached repo
2019-08-29 09:07:04,567 INFO o.j.r.PluginManager: Plugins Status: [jpgc-functions=2.1, jpgc-casutg=2.9, jpgc-dummy=0.4, jpgc-ffw=2.0, jpgc-fifo=0.2, jpgc-json=2.7, jpgc-prmctl=0.4, jpgc-perfmon=2.1, jpgc-plugins-manager=1.3, jpgc-tst=2.5, jmeter-core=5.1.1, jmeter-ftp=5.1.1, jmeter-http=5.1.1, jmeter-jdbc=5.1.1, jmeter-jms=5.1.1, jmeter-junit=5.1.1, jmeter-java=5.1.1, jmeter-ldap=5.1.1, jmeter-mail=5.1.1, jmeter-mongodb=5.1.1, jmeter-native=5.1.1, jmeter-tcp=5.1.1, jmeter-components=5.1.1]
2019-08-29 09:07:04,569 INFO o.j.r.PluginManagerCMD: Params line is: /Users/tbuchanan/IdeaProjects/tealidragon/e2e-automation-pipeline/2019-08-29_09-07-02.280541/modified_requests.jmx
2019-08-29 09:07:04,797 INFO o.a.j.s.SaveService: Testplan (JMX) version: 2.2. Testlog (JTL) version: 2.2
2019-08-29 09:07:04,816 INFO o.a.j.s.SaveService: Using SaveService properties file encoding UTF-8
2019-08-29 09:07:04,823 INFO o.a.j.s.SaveService: Using SaveService properties version 5.0
2019-08-29 09:07:04,868 INFO o.a.j.p.h.c.CacheManager: Will only cache the following methods: [GET]
2019-08-29 09:07:04,872 INFO o.a.j.p.h.c.CookieManager: Settings: Delete null: true Check: true Allow variable: true Save: false Prefix: COOKIE_
2019-08-29 09:07:04,953 INFO o.a.j.p.h.s.HTTPSamplerBase: Parser for text/html is org.apache.jmeter.protocol.http.parser.LagartoBasedHtmlParser
2019-08-29 09:07:04,953 INFO o.a.j.p.h.s.HTTPSamplerBase: Parser for application/xhtml+xml is org.apache.jmeter.protocol.http.parser.LagartoBasedHtmlParser
2019-08-29 09:07:04,953 INFO o.a.j.p.h.s.HTTPSamplerBase: Parser for application/xml is org.apache.jmeter.protocol.http.parser.LagartoBasedHtmlParser
2019-08-29 09:07:04,953 INFO o.a.j.p.h.s.HTTPSamplerBase: Parser for text/xml is org.apache.jmeter.protocol.http.parser.LagartoBasedHtmlParser
2019-08-29 09:07:04,953 INFO o.a.j.p.h.s.HTTPSamplerBase: Parser for text/vnd.wap.wml is org.apache.jmeter.protocol.http.parser.RegexpHTMLParser
2019-08-29 09:07:04,953 INFO o.a.j.p.h.s.HTTPSamplerBase: Parser for text/css is org.apache.jmeter.protocol.http.parser.CssParser
2019-08-29 09:07:05,001 INFO o.j.r.PluginManager: Finishing without changes


[2019-08-29 09:07:05,366 DEBUG Engine] New artifact filename: /Users/tbuchanan/IdeaProjects/tealidragon/e2e-automation-pipeline/2019-08-29_09-07-02.280541/jmeter.out
[2019-08-29 09:07:05,367 DEBUG Engine] New artifact filename: /Users/tbuchanan/IdeaProjects/tealidragon/e2e-automation-pipeline/2019-08-29_09-07-02.280541/jmeter.err
[2019-08-29 09:07:05,367 DEBUG Engine] Module config: final-stats {'class': u'bzt.modules.reporting.FinalStatus'}
[2019-08-29 09:07:05,367 DEBUG root] Importing module: bzt.modules.reporting
[2019-08-29 09:07:05,396 DEBUG easyprocess] version=0.2.7
[2019-08-29 09:07:05,400 DEBUG pyvirtualdisplay] version=0.2.4
[2019-08-29 09:07:05,403 DEBUG root] Loading class: 'FinalStatus' from <module 'bzt.modules.reporting' from '/usr/local/lib/python2.7/site-packages/bzt/modules/reporting.pyc'>
[2019-08-29 09:07:05,403 DEBUG Engine] Module config: console {'class': u'bzt.modules.console.ConsoleStatusReporter'}
[2019-08-29 09:07:05,403 DEBUG root] Importing module: bzt.modules.console
[2019-08-29 09:07:05,403 DEBUG root] Loading class: 'ConsoleStatusReporter' from <module 'bzt.modules.console' from '/usr/local/lib/python2.7/site-packages/bzt/modules/console.pyc'>
[2019-08-29 09:07:05,411 DEBUG Engine.Configuration] Dumping YAML config into /Users/tbuchanan/IdeaProjects/tealidragon/e2e-automation-pipeline/2019-08-29_09-07-02.280541/effective.yml
[2019-08-29 09:07:05,431 DEBUG Engine.Configuration] Dumping JSON config into /Users/tbuchanan/IdeaProjects/tealidragon/e2e-automation-pipeline/2019-08-29_09-07-02.280541/effective.json
[2019-08-29 09:07:05,433 INFO Engine] Starting...
[2019-08-29 09:07:05,433 DEBUG Engine] Startup <bzt.modules.monitoring.Monitoring object at 0x11544ec90>
[2019-08-29 09:07:05,433 DEBUG Engine] Startup <bzt.modules.aggregator.ConsolidatingAggregator object at 0x109951810>
[2019-08-29 09:07:05,433 DEBUG Engine] Startup <bzt.modules.reporting.FinalStatus object at 0x109933350>
[2019-08-29 09:07:05,433 DEBUG Engine] Startup <bzt.modules.console.ConsoleStatusReporter object at 0x11552d4d0>
[2019-08-29 09:07:05,433 INFO Engine.console] Waiting for results...
[2019-08-29 09:07:05,433 DEBUG Engine] Startup <bzt.modules.provisioning.Local object at 0x1099086d0>
[2019-08-29 09:07:05,433 DEBUG Engine.local] Delay setup for jmeter/basic-performance-test: 0(start-at) + 0(delay) = 0
[2019-08-29 09:07:05,435 DEBUG Engine.Configuration] Dumping YAML config into /Users/tbuchanan/IdeaProjects/tealidragon/e2e-automation-pipeline/2019-08-29_09-07-02.280541/effective.yml
[2019-08-29 09:07:05,454 DEBUG Engine.Configuration] Dumping JSON config into /Users/tbuchanan/IdeaProjects/tealidragon/e2e-automation-pipeline/2019-08-29_09-07-02.280541/effective.json
[2019-08-29 09:07:05,455 DEBUG root] Leveling down log file verbosity to INFO, use -v option to have DEBUG messages enabled
[2019-08-29 09:07:05,455 DEBUG root] Leveled up log file verbosity
[2019-08-29 09:07:05,455 DEBUG root] Executing shell: ['/Users/tbuchanan/.bzt/jmeter-taurus/5.1.1/bin/jmeter.sh', '-t', '/Users/tbuchanan/IdeaProjects/tealidragon/e2e-automation-pipeline/2019-08-29_09-07-02.280541/modified_requests.jmx', '-j', '/Users/tbuchanan/IdeaProjects/tealidragon/e2e-automation-pipeline/2019-08-29_09-07-02.280541/jmeter.log', '-q', '/Users/tbuchanan/IdeaProjects/tealidragon/e2e-automation-pipeline/2019-08-29_09-07-02.280541/jmeter-bzt.properties', '-n', '-S', '/Users/tbuchanan/IdeaProjects/tealidragon/e2e-automation-pipeline/2019-08-29_09-07-02.280541/system.properties'] at /Users/tbuchanan/IdeaProjects/tealidragon/e2e-automation-pipeline
[2019-08-29 09:07:05,469 DEBUG Engine.local] Starting execution: jmeter/basic-performance-test, rest of available slots: 9223372036854775806
[2019-08-29 09:07:05,469 DEBUG root] Leveling down log file verbosity to INFO, use -v option to have DEBUG messages enabled
[2019-08-29 09:07:05,687 INFO Engine.console] Waiting for finish...
[2019-08-29 09:07:14,491 INFO Engine.jmeter.JTLReader] Changed data analysis delay to 3s
[2019-08-29 09:07:31,520 INFO Engine.jmeter.JTLReader] Changed data analysis delay to 2s
[2019-08-29 09:08:50,824 INFO Engine.jmeter.JTLReader] Changed data analysis delay to 3s
