2019-08-29 09:07:06,454 INFO o.a.j.u.JMeterUtils: Setting Locale to en_US
2019-08-29 09:07:06,475 INFO o.a.j.JMeter: Loading user properties from: /Users/tbuchanan/.bzt/jmeter-taurus/5.1.1/bin/user.properties
2019-08-29 09:07:06,476 INFO o.a.j.JMeter: Loading system properties from: /Users/tbuchanan/.bzt/jmeter-taurus/5.1.1/bin/system.properties
2019-08-29 09:07:06,476 INFO o.a.j.JMeter: Loading additional properties from: /Users/tbuchanan/IdeaProjects/tealidragon/e2e-automation-pipeline/2019-08-29_09-07-02.280541/jmeter-bzt.properties
2019-08-29 09:07:06,477 INFO o.a.j.JMeter: Setting System properties from file: /Users/tbuchanan/IdeaProjects/tealidragon/e2e-automation-pipeline/2019-08-29_09-07-02.280541/system.properties
2019-08-29 09:07:06,483 INFO o.a.j.JMeter: Copyright (c) 1998-2019 The Apache Software Foundation
2019-08-29 09:07:06,483 INFO o.a.j.JMeter: Version 5.1.1 r1855137
2019-08-29 09:07:06,483 INFO o.a.j.JMeter: java.version=1.8.0_221
2019-08-29 09:07:06,483 INFO o.a.j.JMeter: java.vm.name=Java HotSpot(TM) 64-Bit Server VM
2019-08-29 09:07:06,483 INFO o.a.j.JMeter: os.name=Mac OS X
2019-08-29 09:07:06,483 INFO o.a.j.JMeter: os.arch=x86_64
2019-08-29 09:07:06,484 INFO o.a.j.JMeter: os.version=10.14.6
2019-08-29 09:07:06,484 INFO o.a.j.JMeter: file.encoding=UTF-8
2019-08-29 09:07:06,484 INFO o.a.j.JMeter: java.awt.headless=true
2019-08-29 09:07:06,484 INFO o.a.j.JMeter: Max memory     =3817865216
2019-08-29 09:07:06,484 INFO o.a.j.JMeter: Available Processors =8
2019-08-29 09:07:06,488 INFO o.a.j.JMeter: Default Locale=English (United States)
2019-08-29 09:07:06,488 INFO o.a.j.JMeter: JMeter  Locale=English (United States)
2019-08-29 09:07:06,488 INFO o.a.j.JMeter: JMeterHome=/Users/tbuchanan/.bzt/jmeter-taurus/5.1.1
2019-08-29 09:07:06,488 INFO o.a.j.JMeter: user.dir  =/Users/tbuchanan/IdeaProjects/tealidragon/e2e-automation-pipeline
2019-08-29 09:07:06,488 INFO o.a.j.JMeter: PWD       =/Users/tbuchanan/IdeaProjects/tealidragon/e2e-automation-pipeline
2019-08-29 09:07:06,490 INFO o.a.j.JMeter: IP: 10.15.45.41 Name: tbuchanans-mbp.overstock.com FullName: tbuchanans-mbp.overstock.com
2019-08-29 09:07:06,490 INFO o.a.j.JMeter: user.classpath=/Users/tbuchanan/IdeaProjects/tealidragon/e2e-automation-pipeline/2019-08-29_09-07-02.280541:/Users/tbuchanan/IdeaProjects/tealidragon/e2e-automation-pipeline/2019-08-29_09-07-02.280541
2019-08-29 09:07:06,490 INFO o.a.j.JMeter: Adding to classpath and loader: /Users/tbuchanan/IdeaProjects/tealidragon/e2e-automation-pipeline/2019-08-29_09-07-02.280541
2019-08-29 09:07:06,491 INFO o.a.j.JMeter: Adding to classpath and loader: /Users/tbuchanan/IdeaProjects/tealidragon/e2e-automation-pipeline/2019-08-29_09-07-02.280541
2019-08-29 09:07:06,496 INFO o.a.j.s.FileServer: Default base='/Users/tbuchanan/IdeaProjects/tealidragon/e2e-automation-pipeline'
2019-08-29 09:07:06,500 INFO o.a.j.s.FileServer: Set new base='/Users/tbuchanan/IdeaProjects/tealidragon/e2e-automation-pipeline/2019-08-29_09-07-02.280541'
2019-08-29 09:07:06,650 INFO o.a.j.s.SaveService: Testplan (JMX) version: 2.2. Testlog (JTL) version: 2.2
2019-08-29 09:07:06,667 INFO o.a.j.s.SaveService: Using SaveService properties file encoding UTF-8
2019-08-29 09:07:06,672 INFO o.a.j.s.SaveService: Using SaveService properties version 5.0
2019-08-29 09:07:06,678 INFO o.a.j.s.SaveService: Loading file: /Users/tbuchanan/IdeaProjects/tealidragon/e2e-automation-pipeline/2019-08-29_09-07-02.280541/modified_requests.jmx
2019-08-29 09:07:06,729 INFO o.a.j.p.h.c.CacheManager: Will only cache the following methods: [GET]
2019-08-29 09:07:06,731 INFO o.a.j.p.h.c.CookieManager: Settings: Delete null: true Check: true Allow variable: true Save: false Prefix: COOKIE_
2019-08-29 09:07:06,746 INFO o.a.j.p.h.s.HTTPSamplerBase: Parser for text/html is org.apache.jmeter.protocol.http.parser.LagartoBasedHtmlParser
2019-08-29 09:07:06,746 INFO o.a.j.p.h.s.HTTPSamplerBase: Parser for application/xhtml+xml is org.apache.jmeter.protocol.http.parser.LagartoBasedHtmlParser
2019-08-29 09:07:06,746 INFO o.a.j.p.h.s.HTTPSamplerBase: Parser for application/xml is org.apache.jmeter.protocol.http.parser.LagartoBasedHtmlParser
2019-08-29 09:07:06,746 INFO o.a.j.p.h.s.HTTPSamplerBase: Parser for text/xml is org.apache.jmeter.protocol.http.parser.LagartoBasedHtmlParser
2019-08-29 09:07:06,746 INFO o.a.j.p.h.s.HTTPSamplerBase: Parser for text/vnd.wap.wml is org.apache.jmeter.protocol.http.parser.RegexpHTMLParser
2019-08-29 09:07:06,746 INFO o.a.j.p.h.s.HTTPSamplerBase: Parser for text/css is org.apache.jmeter.protocol.http.parser.CssParser
2019-08-29 09:07:06,777 INFO o.a.j.e.StandardJMeterEngine: Running the test!
2019-08-29 09:07:06,778 INFO o.a.j.s.SampleEvent: List of sample_variables: []
2019-08-29 09:07:06,778 INFO o.a.j.s.SampleEvent: List of sample_variables: []
2019-08-29 09:07:06,786 INFO o.a.j.e.u.CompoundVariable: Note: Function class names must contain the string: '.functions.'
2019-08-29 09:07:06,786 INFO o.a.j.e.u.CompoundVariable: Note: Function class names must not contain the string: '.gui.'
2019-08-29 09:07:07,180 INFO o.a.j.JMeter: Running test (1567091227180)
2019-08-29 09:07:07,238 INFO o.a.j.e.StandardJMeterEngine: Starting ThreadGroup: 1 : basic-performance-test
2019-08-29 09:07:07,238 INFO o.a.j.e.StandardJMeterEngine: Starting 10 threads for group basic-performance-test.
2019-08-29 09:07:07,238 INFO o.a.j.e.StandardJMeterEngine: Thread will continue on error
2019-08-29 09:07:07,242 INFO o.a.j.e.StandardJMeterEngine: All thread groups have been started
2019-08-29 09:07:07,242 INFO c.b.j.t.c.ConcurrencyThreadStarter: Start supplying threads
2019-08-29 09:07:10,249 INFO o.a.j.s.SampleResult: Note: Sample TimeStamps are START times
2019-08-29 09:07:10,249 INFO o.a.j.s.SampleResult: sampleresult.default.encoding is set to UTF-8
2019-08-29 09:07:10,249 INFO o.a.j.s.SampleResult: sampleresult.useNanoTime=true
2019-08-29 09:07:10,249 INFO o.a.j.s.SampleResult: sampleresult.nanoThreadSleep=5000
2019-08-29 09:07:10,250 INFO o.a.j.t.JMeterThread: Thread started: basic-performance-test-ThreadStarter 1-1
2019-08-29 09:07:11,021 INFO o.a.j.p.h.s.HTTPHCAbstractImpl: Local host = tbuchanans-mbp.overstock.com
2019-08-29 09:07:11,026 INFO o.a.j.p.h.s.HTTPHC4Impl: HTTP request retry count = 0
2019-08-29 09:07:11,604 INFO o.a.j.p.h.p.BaseParser: Created org.apache.jmeter.protocol.http.parser.LagartoBasedHtmlParser
2019-08-29 09:07:11,638 INFO o.a.j.p.h.s.ResourcesDownloader: Creating ResourcesDownloader with keepalive_inseconds : 60
2019-08-29 09:07:12,181 INFO o.a.j.p.h.p.BaseParser: Created org.apache.jmeter.protocol.http.parser.CssParser
2019-08-29 09:07:13,316 INFO o.a.j.u.JsseSSLManager: Using default SSL protocol: TLS
2019-08-29 09:07:13,316 INFO o.a.j.u.JsseSSLManager: SSL session context: per-thread
2019-08-29 09:07:16,274 INFO o.a.j.t.JMeterThread: Thread started: basic-performance-test-ThreadStarter 1-2
2019-08-29 09:07:22,297 INFO o.a.j.t.JMeterThread: Thread started: basic-performance-test-ThreadStarter 1-3
2019-08-29 09:07:28,306 INFO o.a.j.t.JMeterThread: Thread started: basic-performance-test-ThreadStarter 1-4
2019-08-29 09:07:34,322 INFO o.a.j.t.JMeterThread: Thread started: basic-performance-test-ThreadStarter 1-5
2019-08-29 09:07:40,334 INFO o.a.j.t.JMeterThread: Thread started: basic-performance-test-ThreadStarter 1-6
2019-08-29 09:07:46,351 INFO o.a.j.t.JMeterThread: Thread started: basic-performance-test-ThreadStarter 1-7
2019-08-29 09:07:52,359 INFO o.a.j.t.JMeterThread: Thread started: basic-performance-test-ThreadStarter 1-8
2019-08-29 09:07:58,374 INFO o.a.j.t.JMeterThread: Thread started: basic-performance-test-ThreadStarter 1-9
2019-08-29 09:08:04,392 INFO o.a.j.t.JMeterThread: Thread started: basic-performance-test-ThreadStarter 1-10
